2023-06-17 15:35:55,103 - mmdet - INFO - Environment info:
------------------------------------------------------------
sys.platform: linux
Python: 3.8.16 (default, Mar  2 2023, 03:21:46) [GCC 11.2.0]
CUDA available: True
GPU 0: NVIDIA RTX A6000
CUDA_HOME: /usr/local/cuda
NVCC: Cuda compilation tools, release 11.4, V11.4.152
GCC: gcc (Ubuntu 7.5.0-3ubuntu1~18.04) 7.5.0
PyTorch: 1.11.0+cu113
PyTorch compiling details: PyTorch built with:
  - GCC 7.3
  - C++ Version: 201402
  - Intel(R) Math Kernel Library Version 2020.0.0 Product Build 20191122 for Intel(R) 64 architecture applications
  - Intel(R) MKL-DNN v2.5.2 (Git Hash a9302535553c73243c632ad3c4c80beec3d19a1e)
  - OpenMP 201511 (a.k.a. OpenMP 4.5)
  - LAPACK is enabled (usually provided by MKL)
  - NNPACK is enabled
  - CPU capability usage: AVX2
  - CUDA Runtime 11.3
  - NVCC architecture flags: -gencode;arch=compute_37,code=sm_37;-gencode;arch=compute_50,code=sm_50;-gencode;arch=compute_60,code=sm_60;-gencode;arch=compute_70,code=sm_70;-gencode;arch=compute_75,code=sm_75;-gencode;arch=compute_80,code=sm_80;-gencode;arch=compute_86,code=sm_86
  - CuDNN 8.2
  - Magma 2.5.2
  - Build settings: BLAS_INFO=mkl, BUILD_TYPE=Release, CUDA_VERSION=11.3, CUDNN_VERSION=8.2.0, CXX_COMPILER=/opt/rh/devtoolset-7/root/usr/bin/c++, CXX_FLAGS= -Wno-deprecated -fvisibility-inlines-hidden -DUSE_PTHREADPOOL -fopenmp -DNDEBUG -DUSE_KINETO -DUSE_FBGEMM -DUSE_QNNPACK -DUSE_PYTORCH_QNNPACK -DUSE_XNNPACK -DSYMBOLICATE_MOBILE_DEBUG_HANDLE -DEDGE_PROFILER_USE_KINETO -O2 -fPIC -Wno-narrowing -Wall -Wextra -Werror=return-type -Wno-missing-field-initializers -Wno-type-limits -Wno-array-bounds -Wno-unknown-pragmas -Wno-sign-compare -Wno-unused-parameter -Wno-unused-function -Wno-unused-result -Wno-unused-local-typedefs -Wno-strict-overflow -Wno-strict-aliasing -Wno-error=deprecated-declarations -Wno-stringop-overflow -Wno-psabi -Wno-error=pedantic -Wno-error=redundant-decls -Wno-error=old-style-cast -fdiagnostics-color=always -faligned-new -Wno-unused-but-set-variable -Wno-maybe-uninitialized -fno-math-errno -fno-trapping-math -Werror=format -Wno-stringop-overflow, LAPACK_INFO=mkl, PERF_WITH_AVX=1, PERF_WITH_AVX2=1, PERF_WITH_AVX512=1, TORCH_VERSION=1.11.0, USE_CUDA=ON, USE_CUDNN=ON, USE_EXCEPTION_PTR=1, USE_GFLAGS=OFF, USE_GLOG=OFF, USE_MKL=ON, USE_MKLDNN=OFF, USE_MPI=OFF, USE_NCCL=ON, USE_NNPACK=ON, USE_OPENMP=ON, USE_ROCM=OFF, 

TorchVision: 0.12.0+cu113
OpenCV: 4.7.0
MMCV: 1.7.1
MMCV Compiler: GCC 9.3
MMCV CUDA Compiler: 11.3
MMDetection: 2.25.0+
------------------------------------------------------------

2023-06-17 15:35:55,812 - mmdet - INFO - Distributed training: False
2023-06-17 15:35:56,431 - mmdet - INFO - Config:
model = dict(
    type='RetinaNet',
    backbone=dict(
        type='PyramidVisionTransformerV2',
        embed_dims=64,
        num_layers=[3, 4, 6, 3],
        init_cfg=dict(
            checkpoint=
            'https://github.com/whai362/PVT/releases/download/v2/pvt_v2_b2.pth'
        )),
    neck=dict(
        type='FPN',
        in_channels=[64, 128, 320, 512],
        out_channels=256,
        start_level=1,
        add_extra_convs='on_input',
        num_outs=5),
    bbox_head=dict(
        type='RetinaHead',
        num_classes=20,
        in_channels=256,
        stacked_convs=4,
        feat_channels=256,
        anchor_generator=dict(
            type='AnchorGenerator',
            octave_base_scale=4,
            scales_per_octave=3,
            ratios=[0.5, 1.0, 2.0],
            strides=[8, 16, 32, 64, 128]),
        bbox_coder=dict(
            type='DeltaXYWHBBoxCoder',
            target_means=[0.0, 0.0, 0.0, 0.0],
            target_stds=[1.0, 1.0, 1.0, 1.0]),
        loss_cls=dict(
            type='FocalLoss',
            use_sigmoid=True,
            gamma=2.0,
            alpha=0.25,
            loss_weight=1.0),
        loss_bbox=dict(type='L1Loss', loss_weight=1.0)),
    train_cfg=dict(
        assigner=dict(
            type='MaxIoUAssigner',
            pos_iou_thr=0.5,
            neg_iou_thr=0.4,
            min_pos_iou=0,
            ignore_iof_thr=-1),
        allowed_border=-1,
        pos_weight=-1,
        debug=False),
    test_cfg=dict(
        nms_pre=1000,
        min_bbox_size=0,
        score_thr=0.05,
        nms=dict(type='nms', iou_threshold=0.5),
        max_per_img=100))
dataset_type = 'VOCDataset'
data_root = 'data/VOCdevkit1/'
img_norm_cfg = dict(
    mean=[123.675, 116.28, 103.53], std=[58.395, 57.12, 57.375], to_rgb=True)
data = dict(
    samples_per_gpu=8,
    workers_per_gpu=4,
    train=dict(
        type='RepeatDataset',
        times=1,
        dataset=dict(
            type='ClassBalancedDataset',
            oversample_thr=0.01,
            dataset=dict(
                type='VOCDataset',
                ann_file=['data/VOCdevkit1/VOC2007/ImageSets/Main/train.txt'],
                img_prefix=['data/VOCdevkit1/VOC2007/'],
                pipeline=[
                    dict(type='LoadImageFromFile'),
                    dict(type='LoadAnnotations', with_bbox=True),
                    dict(
                        type='Resize',
                        img_scale=[(480, 1000), (512, 1000), (544, 1000),
                                   (576, 1000), (608, 1000), (640, 1000),
                                   (672, 1000), (704, 1000), (736, 1000),
                                   (768, 1000), (800, 1000)],
                        multiscale_mode='value',
                        keep_ratio=True),
                    dict(type='RandomFlip', flip_ratio=0.5),
                    dict(
                        type='Normalize',
                        mean=[123.675, 116.28, 103.53],
                        std=[58.395, 57.12, 57.375],
                        to_rgb=True),
                    dict(type='Pad', size_divisor=32),
                    dict(type='DefaultFormatBundle'),
                    dict(
                        type='Collect', keys=['img', 'gt_bboxes', 'gt_labels'])
                ]))),
    val=dict(
        type='VOCDataset',
        ann_file='data/VOCdevkit1/VOC2007/ImageSets/Main/test.txt',
        img_prefix='data/VOCdevkit1/VOC2007/',
        pipeline=[
            dict(type='LoadImageFromFile'),
            dict(
                type='MultiScaleFlipAug',
                img_scale=[(544, 1000), (640, 1000), (736, 1000), (800, 1000)],
                flip=False,
                transforms=[
                    dict(type='Resize', keep_ratio=True),
                    dict(type='RandomFlip'),
                    dict(
                        type='Normalize',
                        mean=[123.675, 116.28, 103.53],
                        std=[58.395, 57.12, 57.375],
                        to_rgb=True),
                    dict(type='Pad', size_divisor=32),
                    dict(type='ImageToTensor', keys=['img']),
                    dict(type='Collect', keys=['img'])
                ])
        ]),
    test=dict(
        type='VOCDataset',
        ann_file='data/VOCdevkit1/VOC2007/ImageSets/Main/test.txt',
        img_prefix='data/VOCdevkit1/VOC2007/',
        pipeline=[
            dict(type='LoadImageFromFile'),
            dict(
                type='MultiScaleFlipAug',
                img_scale=[(544, 1000), (640, 1000), (736, 1000), (800, 1000)],
                flip=False,
                transforms=[
                    dict(type='Resize', keep_ratio=True),
                    dict(type='RandomFlip'),
                    dict(
                        type='Normalize',
                        mean=[123.675, 116.28, 103.53],
                        std=[58.395, 57.12, 57.375],
                        to_rgb=True),
                    dict(type='Pad', size_divisor=32),
                    dict(type='ImageToTensor', keys=['img']),
                    dict(type='Collect', keys=['img'])
                ])
        ]))
evaluation = dict(interval=1, metric='mAP')
optimizer = dict(type='AdamW', lr=0.0001, weight_decay=0.0001)
optimizer_config = dict(grad_clip=None)
lr_config = dict(
    policy='step',
    warmup='linear',
    warmup_iters=500,
    warmup_ratio=0.001,
    step=[8, 11])
runner = dict(type='EpochBasedRunner', max_epochs=12)
checkpoint_config = dict(interval=1)
log_config = dict(interval=50, hooks=[dict(type='TextLoggerHook')])
custom_hooks = [dict(type='NumClassCheckHook')]
dist_params = dict(backend='nccl')
log_level = 'INFO'
load_from = None
resume_from = None
workflow = [('train', 1)]
opencv_num_threads = 0
mp_start_method = 'fork'
auto_scale_lr = dict(enable=True, base_batch_size=16)
work_dir = './work_dirs/retinanet_pvtv2-b2_fpn_1x_coco'
auto_resume = False
gpu_ids = [0]

2023-06-17 15:35:56,432 - mmdet - INFO - Set random seed to 1848043090, deterministic: False
2023-06-17 15:35:56,682 - mmdet - INFO - load checkpoint from http path: https://github.com/whai362/PVT/releases/download/v2/pvt_v2_b2.pth
2023-06-17 15:35:56,732 - mmdet - WARNING - Load pre-trained model for PyramidVisionTransformerV2 from original repo
2023-06-17 15:38:29,358 - mmdet - INFO - Training with 1 GPU(s) with 8 samples per GPU. The total batch size is 8.
2023-06-17 15:38:29,358 - mmdet - INFO - LR has been automatically scaled from 0.0001 to 5e-05
2023-06-17 15:39:11,015 - mmdet - INFO - Start running, host: root@9649c9124cc9, work_dir: /remote-home/acmis_fdd/mmdetection-voc2007/work_dirs/retinanet_pvtv2-b2_fpn_1x_coco
2023-06-17 15:39:11,016 - mmdet - INFO - Hooks will be executed in the following order:
before_run:
(VERY_HIGH   ) StepLrUpdaterHook                  
(NORMAL      ) CheckpointHook                     
(LOW         ) EvalHook                           
(VERY_LOW    ) TextLoggerHook                     
 -------------------- 
before_train_epoch:
(VERY_HIGH   ) StepLrUpdaterHook                  
(NORMAL      ) NumClassCheckHook                  
(LOW         ) IterTimerHook                      
(LOW         ) EvalHook                           
(VERY_LOW    ) TextLoggerHook                     
 -------------------- 
before_train_iter:
(VERY_HIGH   ) StepLrUpdaterHook                  
(LOW         ) IterTimerHook                      
(LOW         ) EvalHook                           
 -------------------- 
after_train_iter:
(ABOVE_NORMAL) OptimizerHook                      
(NORMAL      ) CheckpointHook                     
(LOW         ) IterTimerHook                      
(LOW         ) EvalHook                           
(VERY_LOW    ) TextLoggerHook                     
 -------------------- 
after_train_epoch:
(NORMAL      ) CheckpointHook                     
(LOW         ) EvalHook                           
(VERY_LOW    ) TextLoggerHook                     
 -------------------- 
before_val_epoch:
(NORMAL      ) NumClassCheckHook                  
(LOW         ) IterTimerHook                      
(VERY_LOW    ) TextLoggerHook                     
 -------------------- 
before_val_iter:
(LOW         ) IterTimerHook                      
 -------------------- 
after_val_iter:
(LOW         ) IterTimerHook                      
 -------------------- 
after_val_epoch:
(VERY_LOW    ) TextLoggerHook                     
 -------------------- 
after_run:
(VERY_LOW    ) TextLoggerHook                     
 -------------------- 
2023-06-17 15:39:11,017 - mmdet - INFO - workflow: [('train', 1)], max: 12 epochs
2023-06-17 15:39:11,017 - mmdet - INFO - Checkpoints will be saved to /remote-home/acmis_fdd/mmdetection-voc2007/work_dirs/retinanet_pvtv2-b2_fpn_1x_coco by HardDiskBackend.
2023-06-17 15:39:46,984 - mmdet - INFO - Epoch [1][50/1466]	lr: 4.945e-06, eta: 3:30:11, time: 0.719, data_time: 0.066, memory: 24362, loss_cls: 1.1437, loss_bbox: 0.8284, loss: 1.9722
2023-06-17 15:40:19,521 - mmdet - INFO - Epoch [1][100/1466]	lr: 9.940e-06, eta: 3:19:39, time: 0.651, data_time: 0.012, memory: 24362, loss_cls: 1.1315, loss_bbox: 0.8019, loss: 1.9334
2023-06-17 15:40:52,288 - mmdet - INFO - Epoch [1][150/1466]	lr: 1.494e-05, eta: 3:16:13, time: 0.655, data_time: 0.011, memory: 24690, loss_cls: 0.9322, loss_bbox: 0.7655, loss: 1.6976
2023-06-17 15:41:24,847 - mmdet - INFO - Epoch [1][200/1466]	lr: 1.993e-05, eta: 3:13:55, time: 0.651, data_time: 0.012, memory: 24690, loss_cls: 0.8104, loss_bbox: 0.7386, loss: 1.5490
2023-06-17 15:41:58,193 - mmdet - INFO - Epoch [1][250/1466]	lr: 2.493e-05, eta: 3:13:15, time: 0.667, data_time: 0.013, memory: 24761, loss_cls: 0.7595, loss_bbox: 0.6804, loss: 1.4400
2023-06-17 15:42:30,946 - mmdet - INFO - Epoch [1][300/1466]	lr: 2.992e-05, eta: 3:12:02, time: 0.655, data_time: 0.012, memory: 24761, loss_cls: 0.7561, loss_bbox: 0.6586, loss: 1.4147
2023-06-17 15:43:04,030 - mmdet - INFO - Epoch [1][350/1466]	lr: 3.492e-05, eta: 3:11:17, time: 0.662, data_time: 0.013, memory: 24761, loss_cls: 0.6689, loss_bbox: 0.5925, loss: 1.2614
2023-06-17 15:43:36,737 - mmdet - INFO - Epoch [1][400/1466]	lr: 3.991e-05, eta: 3:10:19, time: 0.654, data_time: 0.012, memory: 24761, loss_cls: 0.6349, loss_bbox: 0.5675, loss: 1.2024
2023-06-17 15:44:09,475 - mmdet - INFO - Epoch [1][450/1466]	lr: 4.491e-05, eta: 3:09:28, time: 0.655, data_time: 0.012, memory: 24761, loss_cls: 0.6276, loss_bbox: 0.5646, loss: 1.1923
2023-06-17 15:44:42,502 - mmdet - INFO - Epoch [1][500/1466]	lr: 4.990e-05, eta: 3:08:50, time: 0.661, data_time: 0.013, memory: 24761, loss_cls: 0.5879, loss_bbox: 0.5358, loss: 1.1237
2023-06-17 15:45:15,069 - mmdet - INFO - Epoch [1][550/1466]	lr: 5.000e-05, eta: 3:07:59, time: 0.651, data_time: 0.013, memory: 24761, loss_cls: 0.5404, loss_bbox: 0.5448, loss: 1.0852
2023-06-17 15:45:48,082 - mmdet - INFO - Epoch [1][600/1466]	lr: 5.000e-05, eta: 3:07:24, time: 0.660, data_time: 0.014, memory: 24761, loss_cls: 0.5431, loss_bbox: 0.4952, loss: 1.0384
2023-06-17 15:46:21,014 - mmdet - INFO - Epoch [1][650/1466]	lr: 5.000e-05, eta: 3:06:47, time: 0.659, data_time: 0.012, memory: 24761, loss_cls: 0.5030, loss_bbox: 0.5109, loss: 1.0139
2023-06-17 15:46:53,357 - mmdet - INFO - Epoch [1][700/1466]	lr: 5.000e-05, eta: 3:05:56, time: 0.647, data_time: 0.012, memory: 24761, loss_cls: 0.4610, loss_bbox: 0.4698, loss: 0.9308
2023-06-17 15:47:26,136 - mmdet - INFO - Epoch [1][750/1466]	lr: 5.000e-05, eta: 3:05:17, time: 0.656, data_time: 0.013, memory: 24761, loss_cls: 0.4598, loss_bbox: 0.4562, loss: 0.9160
2023-06-17 15:47:59,502 - mmdet - INFO - Epoch [1][800/1466]	lr: 5.000e-05, eta: 3:04:52, time: 0.667, data_time: 0.013, memory: 24761, loss_cls: 0.4648, loss_bbox: 0.4735, loss: 0.9384
2023-06-17 15:48:32,129 - mmdet - INFO - Epoch [1][850/1466]	lr: 5.000e-05, eta: 3:04:11, time: 0.653, data_time: 0.013, memory: 24761, loss_cls: 0.4356, loss_bbox: 0.4783, loss: 0.9139
2023-06-17 15:49:04,708 - mmdet - INFO - Epoch [1][900/1466]	lr: 5.000e-05, eta: 3:03:30, time: 0.652, data_time: 0.013, memory: 24761, loss_cls: 0.3525, loss_bbox: 0.4013, loss: 0.7538
2023-06-17 15:49:37,336 - mmdet - INFO - Epoch [1][950/1466]	lr: 5.000e-05, eta: 3:02:51, time: 0.653, data_time: 0.014, memory: 24761, loss_cls: 0.3728, loss_bbox: 0.4330, loss: 0.8057
2023-06-17 15:50:09,856 - mmdet - INFO - Exp name: retinanet_pvtv2-b2_fpn_1x_coco.py
2023-06-17 15:50:09,856 - mmdet - INFO - Epoch [1][1000/1466]	lr: 5.000e-05, eta: 3:02:10, time: 0.650, data_time: 0.012, memory: 24761, loss_cls: 0.3712, loss_bbox: 0.4202, loss: 0.7914
2023-06-17 15:50:43,146 - mmdet - INFO - Epoch [1][1050/1466]	lr: 5.000e-05, eta: 3:01:43, time: 0.666, data_time: 0.014, memory: 24761, loss_cls: 0.3273, loss_bbox: 0.3883, loss: 0.7156
2023-06-17 15:51:15,674 - mmdet - INFO - Epoch [1][1100/1466]	lr: 5.000e-05, eta: 3:01:04, time: 0.651, data_time: 0.014, memory: 24761, loss_cls: 0.3302, loss_bbox: 0.4041, loss: 0.7343
2023-06-17 15:51:48,354 - mmdet - INFO - Epoch [1][1150/1466]	lr: 5.000e-05, eta: 3:00:27, time: 0.654, data_time: 0.012, memory: 24761, loss_cls: 0.3398, loss_bbox: 0.4301, loss: 0.7699
2023-06-17 15:52:21,690 - mmdet - INFO - Epoch [1][1200/1466]	lr: 5.000e-05, eta: 3:00:00, time: 0.667, data_time: 0.012, memory: 24761, loss_cls: 0.3731, loss_bbox: 0.4054, loss: 0.7785
2023-06-17 15:52:54,039 - mmdet - INFO - Epoch [1][1250/1466]	lr: 5.000e-05, eta: 2:59:19, time: 0.647, data_time: 0.013, memory: 24761, loss_cls: 0.3368, loss_bbox: 0.3753, loss: 0.7121
2023-06-17 15:53:26,762 - mmdet - INFO - Epoch [1][1300/1466]	lr: 5.000e-05, eta: 2:58:44, time: 0.654, data_time: 0.013, memory: 24761, loss_cls: 0.3281, loss_bbox: 0.3803, loss: 0.7084
2023-06-17 15:53:59,145 - mmdet - INFO - Epoch [1][1350/1466]	lr: 5.000e-05, eta: 2:58:04, time: 0.648, data_time: 0.012, memory: 24761, loss_cls: 0.3465, loss_bbox: 0.3981, loss: 0.7446
2023-06-17 15:54:31,986 - mmdet - INFO - Epoch [1][1400/1466]	lr: 5.000e-05, eta: 2:57:31, time: 0.657, data_time: 0.012, memory: 24761, loss_cls: 0.3281, loss_bbox: 0.3665, loss: 0.6946
2023-06-17 15:55:04,674 - mmdet - INFO - Epoch [1][1450/1466]	lr: 5.000e-05, eta: 2:56:56, time: 0.654, data_time: 0.012, memory: 24761, loss_cls: 0.2884, loss_bbox: 0.3640, loss: 0.6523
2023-06-17 15:55:15,456 - mmdet - INFO - Saving checkpoint at 1 epochs
2023-06-17 16:20:00,724 - mmdet - INFO - 
+-------------------------+-------+--------+--------+-------+
| class                   | gts   | dets   | recall | ap    |
+-------------------------+-------+--------+--------+-------+
| airplane                | 8212  | 34097  | 0.664  | 0.555 |
| airport                 | 666   | 38983  | 0.859  | 0.178 |
| baseballfield           | 3434  | 19951  | 0.721  | 0.648 |
| basketballcourt         | 2146  | 23488  | 0.879  | 0.633 |
| bridge                  | 2589  | 89323  | 0.443  | 0.069 |
| chimney                 | 1031  | 12044  | 0.804  | 0.721 |
| dam                     | 538   | 31534  | 0.768  | 0.161 |
| Expressway-Service-area | 1085  | 41845  | 0.806  | 0.306 |
| Expressway-toll-station | 688   | 29357  | 0.490  | 0.275 |
| golffield               | 575   | 34708  | 0.882  | 0.649 |
| groundtrackfield        | 1885  | 33848  | 0.909  | 0.593 |
| harbor                  | 3105  | 14526  | 0.186  | 0.110 |
| overpass                | 1782  | 51738  | 0.610  | 0.257 |
| ship                    | 35184 | 122138 | 0.465  | 0.264 |
| stadium                 | 672   | 32834  | 0.952  | 0.320 |
| storagetank             | 23361 | 69785  | 0.397  | 0.280 |
| tenniscourt             | 7343  | 22813  | 0.803  | 0.731 |
| trainstation            | 509   | 25845  | 0.597  | 0.044 |
| vehicle                 | 26639 | 370057 | 0.382  | 0.242 |
| windmill                | 2998  | 49581  | 0.795  | 0.611 |
+-------------------------+-------+--------+--------+-------+
| mAP                     |       |        |        | 0.382 |
+-------------------------+-------+--------+--------+-------+
2023-06-17 16:20:00,841 - mmdet - INFO - Exp name: retinanet_pvtv2-b2_fpn_1x_coco.py
2023-06-17 16:20:00,841 - mmdet - INFO - Epoch(val) [1][11738]	mAP: 0.3823, AP50: 0.3820
2023-06-17 16:20:36,709 - mmdet - INFO - Epoch [2][50/1466]	lr: 5.000e-05, eta: 2:54:52, time: 0.717, data_time: 0.067, memory: 24761, loss_cls: 0.2818, loss_bbox: 0.3554, loss: 0.6372
2023-06-17 16:21:09,541 - mmdet - INFO - Epoch [2][100/1466]	lr: 5.000e-05, eta: 2:54:22, time: 0.657, data_time: 0.013, memory: 24761, loss_cls: 0.2846, loss_bbox: 0.3740, loss: 0.6586
2023-06-17 16:21:42,730 - mmdet - INFO - Epoch [2][150/1466]	lr: 5.000e-05, eta: 2:53:54, time: 0.664, data_time: 0.014, memory: 24761, loss_cls: 0.2613, loss_bbox: 0.3339, loss: 0.5951
2023-06-17 16:22:15,659 - mmdet - INFO - Epoch [2][200/1466]	lr: 5.000e-05, eta: 2:53:24, time: 0.659, data_time: 0.013, memory: 24761, loss_cls: 0.2738, loss_bbox: 0.3736, loss: 0.6474
2023-06-17 16:22:49,103 - mmdet - INFO - Epoch [2][250/1466]	lr: 5.000e-05, eta: 2:52:59, time: 0.669, data_time: 0.014, memory: 24761, loss_cls: 0.2597, loss_bbox: 0.3385, loss: 0.5983
2023-06-17 16:23:22,143 - mmdet - INFO - Epoch [2][300/1466]	lr: 5.000e-05, eta: 2:52:29, time: 0.661, data_time: 0.013, memory: 24761, loss_cls: 0.3202, loss_bbox: 0.4038, loss: 0.7240
2023-06-17 16:23:55,295 - mmdet - INFO - Epoch [2][350/1466]	lr: 5.000e-05, eta: 2:52:00, time: 0.663, data_time: 0.013, memory: 24761, loss_cls: 0.2921, loss_bbox: 0.3367, loss: 0.6288
2023-06-17 16:24:28,139 - mmdet - INFO - Epoch [2][400/1466]	lr: 5.000e-05, eta: 2:51:29, time: 0.657, data_time: 0.012, memory: 24761, loss_cls: 0.2722, loss_bbox: 0.3451, loss: 0.6173
2023-06-17 16:25:00,929 - mmdet - INFO - Epoch [2][450/1466]	lr: 5.000e-05, eta: 2:50:57, time: 0.656, data_time: 0.012, memory: 24761, loss_cls: 0.2548, loss_bbox: 0.3327, loss: 0.5875
2023-06-17 16:25:34,010 - mmdet - INFO - Epoch [2][500/1466]	lr: 5.000e-05, eta: 2:50:27, time: 0.662, data_time: 0.013, memory: 24761, loss_cls: 0.2687, loss_bbox: 0.3739, loss: 0.6426
2023-06-17 16:26:06,583 - mmdet - INFO - Epoch [2][550/1466]	lr: 5.000e-05, eta: 2:49:53, time: 0.651, data_time: 0.013, memory: 24761, loss_cls: 0.2666, loss_bbox: 0.3270, loss: 0.5936
2023-06-17 16:26:39,456 - mmdet - INFO - Epoch [2][600/1466]	lr: 5.000e-05, eta: 2:49:21, time: 0.657, data_time: 0.012, memory: 24761, loss_cls: 0.2732, loss_bbox: 0.3366, loss: 0.6097
2023-06-17 16:27:12,381 - mmdet - INFO - Epoch [2][650/1466]	lr: 5.000e-05, eta: 2:48:50, time: 0.658, data_time: 0.012, memory: 24761, loss_cls: 0.2370, loss_bbox: 0.3065, loss: 0.5435
2023-06-17 16:27:44,711 - mmdet - INFO - Epoch [2][700/1466]	lr: 5.000e-05, eta: 2:48:15, time: 0.647, data_time: 0.012, memory: 24761, loss_cls: 0.2416, loss_bbox: 0.3276, loss: 0.5692
2023-06-17 16:28:17,674 - mmdet - INFO - Epoch [2][750/1466]	lr: 5.000e-05, eta: 2:47:44, time: 0.659, data_time: 0.015, memory: 24761, loss_cls: 0.2267, loss_bbox: 0.2999, loss: 0.5266
2023-06-17 16:28:51,027 - mmdet - INFO - Epoch [2][800/1466]	lr: 5.000e-05, eta: 2:47:15, time: 0.667, data_time: 0.012, memory: 25981, loss_cls: 0.2599, loss_bbox: 0.3686, loss: 0.6285
2023-06-17 16:29:23,654 - mmdet - INFO - Epoch [2][850/1466]	lr: 5.000e-05, eta: 2:46:42, time: 0.653, data_time: 0.013, memory: 25981, loss_cls: 0.2341, loss_bbox: 0.3194, loss: 0.5535
2023-06-17 16:29:56,245 - mmdet - INFO - Epoch [2][900/1466]	lr: 5.000e-05, eta: 2:46:08, time: 0.652, data_time: 0.012, memory: 25981, loss_cls: 0.2277, loss_bbox: 0.3114, loss: 0.5392
2023-06-17 16:30:28,943 - mmdet - INFO - Epoch [2][950/1466]	lr: 5.000e-05, eta: 2:45:35, time: 0.654, data_time: 0.013, memory: 25981, loss_cls: 0.2439, loss_bbox: 0.3261, loss: 0.5700
2023-06-17 16:31:01,444 - mmdet - INFO - Epoch [2][1000/1466]	lr: 5.000e-05, eta: 2:45:01, time: 0.650, data_time: 0.012, memory: 25981, loss_cls: 0.2270, loss_bbox: 0.2956, loss: 0.5226
2023-06-17 16:31:34,563 - mmdet - INFO - Epoch [2][1050/1466]	lr: 5.000e-05, eta: 2:44:30, time: 0.662, data_time: 0.012, memory: 25981, loss_cls: 0.2152, loss_bbox: 0.2923, loss: 0.5075
2023-06-17 16:32:06,975 - mmdet - INFO - Epoch [2][1100/1466]	lr: 5.000e-05, eta: 2:43:56, time: 0.648, data_time: 0.013, memory: 25981, loss_cls: 0.2094, loss_bbox: 0.2931, loss: 0.5024
2023-06-17 16:32:39,689 - mmdet - INFO - Epoch [2][1150/1466]	lr: 5.000e-05, eta: 2:43:23, time: 0.654, data_time: 0.013, memory: 25981, loss_cls: 0.2265, loss_bbox: 0.3169, loss: 0.5434
2023-06-17 16:33:13,060 - mmdet - INFO - Epoch [2][1200/1466]	lr: 5.000e-05, eta: 2:42:54, time: 0.667, data_time: 0.013, memory: 25981, loss_cls: 0.2176, loss_bbox: 0.2993, loss: 0.5169
2023-06-17 16:33:45,453 - mmdet - INFO - Epoch [2][1250/1466]	lr: 5.000e-05, eta: 2:42:19, time: 0.648, data_time: 0.012, memory: 25981, loss_cls: 0.2088, loss_bbox: 0.3056, loss: 0.5144
2023-06-17 16:34:18,201 - mmdet - INFO - Epoch [2][1300/1466]	lr: 5.000e-05, eta: 2:41:46, time: 0.655, data_time: 0.013, memory: 25981, loss_cls: 0.2120, loss_bbox: 0.3030, loss: 0.5150
2023-06-17 16:34:50,864 - mmdet - INFO - Epoch [2][1350/1466]	lr: 5.000e-05, eta: 2:41:13, time: 0.653, data_time: 0.014, memory: 25981, loss_cls: 0.2097, loss_bbox: 0.3076, loss: 0.5173
2023-06-17 16:35:23,924 - mmdet - INFO - Epoch [2][1400/1466]	lr: 5.000e-05, eta: 2:40:42, time: 0.661, data_time: 0.013, memory: 25981, loss_cls: 0.2352, loss_bbox: 0.3066, loss: 0.5419
2023-06-17 16:35:56,634 - mmdet - INFO - Epoch [2][1450/1466]	lr: 5.000e-05, eta: 2:40:09, time: 0.654, data_time: 0.013, memory: 25981, loss_cls: 0.2204, loss_bbox: 0.2863, loss: 0.5067
2023-06-17 16:36:07,384 - mmdet - INFO - Saving checkpoint at 2 epochs
2023-06-17 17:00:28,049 - mmdet - INFO - 
+-------------------------+-------+--------+--------+-------+
| class                   | gts   | dets   | recall | ap    |
+-------------------------+-------+--------+--------+-------+
| airplane                | 8212  | 29184  | 0.707  | 0.633 |
| airport                 | 666   | 18184  | 0.923  | 0.568 |
| baseballfield           | 3434  | 25267  | 0.789  | 0.668 |
| basketballcourt         | 2146  | 6226   | 0.726  | 0.539 |
| bridge                  | 2589  | 105742 | 0.558  | 0.197 |
| chimney                 | 1031  | 17020  | 0.852  | 0.760 |
| dam                     | 538   | 31547  | 0.931  | 0.470 |
| Expressway-Service-area | 1085  | 47494  | 0.946  | 0.634 |
| Expressway-toll-station | 688   | 35760  | 0.568  | 0.424 |
| golffield               | 575   | 22569  | 0.951  | 0.700 |
| groundtrackfield        | 1885  | 40636  | 0.936  | 0.714 |
| harbor                  | 3105  | 41075  | 0.556  | 0.299 |
| overpass                | 1782  | 47429  | 0.694  | 0.365 |
| ship                    | 35184 | 134869 | 0.637  | 0.536 |
| stadium                 | 672   | 14362  | 0.932  | 0.649 |
| storagetank             | 23361 | 90012  | 0.542  | 0.471 |
| tenniscourt             | 7343  | 85827  | 0.906  | 0.804 |
| trainstation            | 509   | 23698  | 0.851  | 0.239 |
| vehicle                 | 26639 | 247705 | 0.458  | 0.334 |
| windmill                | 2998  | 40171  | 0.910  | 0.724 |
+-------------------------+-------+--------+--------+-------+
| mAP                     |       |        |        | 0.536 |
+-------------------------+-------+--------+--------+-------+
2023-06-17 17:00:28,177 - mmdet - INFO - Exp name: retinanet_pvtv2-b2_fpn_1x_coco.py
2023-06-17 17:00:28,177 - mmdet - INFO - Epoch(val) [2][11738]	mAP: 0.5365, AP50: 0.5360
2023-06-17 17:01:04,136 - mmdet - INFO - Epoch [3][50/1466]	lr: 5.000e-05, eta: 2:38:50, time: 0.719, data_time: 0.071, memory: 25981, loss_cls: 0.2135, loss_bbox: 0.2923, loss: 0.5058
2023-06-17 17:01:36,806 - mmdet - INFO - Epoch [3][100/1466]	lr: 5.000e-05, eta: 2:38:18, time: 0.653, data_time: 0.012, memory: 25981, loss_cls: 0.1864, loss_bbox: 0.2742, loss: 0.4607
2023-06-17 17:02:09,637 - mmdet - INFO - Epoch [3][150/1466]	lr: 5.000e-05, eta: 2:37:46, time: 0.657, data_time: 0.012, memory: 25981, loss_cls: 0.1804, loss_bbox: 0.2821, loss: 0.4625
2023-06-17 17:02:42,316 - mmdet - INFO - Epoch [3][200/1466]	lr: 5.000e-05, eta: 2:37:14, time: 0.654, data_time: 0.013, memory: 25981, loss_cls: 0.1871, loss_bbox: 0.2836, loss: 0.4707
2023-06-17 17:03:15,598 - mmdet - INFO - Epoch [3][250/1466]	lr: 5.000e-05, eta: 2:36:44, time: 0.666, data_time: 0.012, memory: 25981, loss_cls: 0.1909, loss_bbox: 0.2741, loss: 0.4650
2023-06-17 17:03:48,490 - mmdet - INFO - Epoch [3][300/1466]	lr: 5.000e-05, eta: 2:36:13, time: 0.658, data_time: 0.012, memory: 25981, loss_cls: 0.2063, loss_bbox: 0.3079, loss: 0.5142
2023-06-17 17:04:21,576 - mmdet - INFO - Epoch [3][350/1466]	lr: 5.000e-05, eta: 2:35:42, time: 0.662, data_time: 0.012, memory: 25981, loss_cls: 0.1860, loss_bbox: 0.2779, loss: 0.4639
2023-06-17 17:04:54,334 - mmdet - INFO - Epoch [3][400/1466]	lr: 5.000e-05, eta: 2:35:10, time: 0.655, data_time: 0.013, memory: 25981, loss_cls: 0.1985, loss_bbox: 0.2767, loss: 0.4752
2023-06-17 17:05:27,223 - mmdet - INFO - Epoch [3][450/1466]	lr: 5.000e-05, eta: 2:34:38, time: 0.658, data_time: 0.013, memory: 25981, loss_cls: 0.2043, loss_bbox: 0.2896, loss: 0.4939
2023-06-17 17:06:00,490 - mmdet - INFO - Epoch [3][500/1466]	lr: 5.000e-05, eta: 2:34:08, time: 0.665, data_time: 0.013, memory: 25981, loss_cls: 0.1759, loss_bbox: 0.2664, loss: 0.4423
2023-06-17 17:06:33,388 - mmdet - INFO - Epoch [3][550/1466]	lr: 5.000e-05, eta: 2:33:37, time: 0.658, data_time: 0.013, memory: 25981, loss_cls: 0.1797, loss_bbox: 0.2870, loss: 0.4667
2023-06-17 17:07:06,448 - mmdet - INFO - Epoch [3][600/1466]	lr: 5.000e-05, eta: 2:33:06, time: 0.661, data_time: 0.012, memory: 25981, loss_cls: 0.1974, loss_bbox: 0.3109, loss: 0.5082
2023-06-17 17:07:39,464 - mmdet - INFO - Epoch [3][650/1466]	lr: 5.000e-05, eta: 2:32:34, time: 0.660, data_time: 0.013, memory: 25981, loss_cls: 0.1789, loss_bbox: 0.2700, loss: 0.4488
2023-06-17 17:08:11,958 - mmdet - INFO - Epoch [3][700/1466]	lr: 5.000e-05, eta: 2:32:01, time: 0.650, data_time: 0.013, memory: 25981, loss_cls: 0.2211, loss_bbox: 0.3154, loss: 0.5365
2023-06-17 17:08:44,905 - mmdet - INFO - Epoch [3][750/1466]	lr: 5.000e-05, eta: 2:31:29, time: 0.659, data_time: 0.014, memory: 25981, loss_cls: 0.2315, loss_bbox: 0.3101, loss: 0.5415
2023-06-17 17:09:18,301 - mmdet - INFO - Epoch [3][800/1466]	lr: 5.000e-05, eta: 2:30:59, time: 0.668, data_time: 0.013, memory: 25981, loss_cls: 0.2100, loss_bbox: 0.2857, loss: 0.4957
2023-06-17 17:09:50,925 - mmdet - INFO - Epoch [3][850/1466]	lr: 5.000e-05, eta: 2:30:26, time: 0.652, data_time: 0.013, memory: 25981, loss_cls: 0.2160, loss_bbox: 0.2969, loss: 0.5129
2023-06-17 17:10:23,629 - mmdet - INFO - Epoch [3][900/1466]	lr: 5.000e-05, eta: 2:29:54, time: 0.654, data_time: 0.014, memory: 25981, loss_cls: 0.1933, loss_bbox: 0.2825, loss: 0.4758
2023-06-17 17:10:56,319 - mmdet - INFO - Epoch [3][950/1466]	lr: 5.000e-05, eta: 2:29:21, time: 0.654, data_time: 0.013, memory: 25981, loss_cls: 0.2043, loss_bbox: 0.2984, loss: 0.5027
2023-06-17 17:11:28,756 - mmdet - INFO - Epoch [3][1000/1466]	lr: 5.000e-05, eta: 2:28:48, time: 0.649, data_time: 0.012, memory: 25981, loss_cls: 0.2217, loss_bbox: 0.2752, loss: 0.4969
2023-06-17 17:12:01,951 - mmdet - INFO - Epoch [3][1050/1466]	lr: 5.000e-05, eta: 2:28:17, time: 0.664, data_time: 0.012, memory: 25981, loss_cls: 0.1938, loss_bbox: 0.2792, loss: 0.4730
2023-06-17 17:12:34,342 - mmdet - INFO - Epoch [3][1100/1466]	lr: 5.000e-05, eta: 2:27:43, time: 0.648, data_time: 0.013, memory: 25981, loss_cls: 0.2509, loss_bbox: 0.2844, loss: 0.5353
2023-06-17 17:13:06,983 - mmdet - INFO - Epoch [3][1150/1466]	lr: 5.000e-05, eta: 2:27:10, time: 0.653, data_time: 0.012, memory: 25981, loss_cls: 0.2202, loss_bbox: 0.2944, loss: 0.5146
2023-06-17 17:13:40,473 - mmdet - INFO - Epoch [3][1200/1466]	lr: 5.000e-05, eta: 2:26:40, time: 0.670, data_time: 0.013, memory: 25981, loss_cls: 0.1912, loss_bbox: 0.2862, loss: 0.4774
2023-06-17 17:14:12,845 - mmdet - INFO - Epoch [3][1250/1466]	lr: 5.000e-05, eta: 2:26:06, time: 0.647, data_time: 0.013, memory: 25981, loss_cls: 0.1831, loss_bbox: 0.2549, loss: 0.4379
2023-06-17 17:14:45,587 - mmdet - INFO - Epoch [3][1300/1466]	lr: 5.000e-05, eta: 2:25:34, time: 0.655, data_time: 0.012, memory: 25981, loss_cls: 0.2001, loss_bbox: 0.2709, loss: 0.4710
2023-06-17 17:15:17,999 - mmdet - INFO - Epoch [3][1350/1466]	lr: 5.000e-05, eta: 2:25:00, time: 0.648, data_time: 0.012, memory: 25981, loss_cls: 0.2051, loss_bbox: 0.2818, loss: 0.4870
2023-06-17 17:15:50,917 - mmdet - INFO - Epoch [3][1400/1466]	lr: 5.000e-05, eta: 2:24:28, time: 0.658, data_time: 0.012, memory: 25981, loss_cls: 0.2024, loss_bbox: 0.2871, loss: 0.4895
2023-06-17 17:16:23,670 - mmdet - INFO - Epoch [3][1450/1466]	lr: 5.000e-05, eta: 2:23:56, time: 0.655, data_time: 0.013, memory: 25981, loss_cls: 0.1901, loss_bbox: 0.2898, loss: 0.4799
2023-06-17 17:16:34,438 - mmdet - INFO - Saving checkpoint at 3 epochs
2023-06-17 17:40:48,480 - mmdet - INFO - 
+-------------------------+-------+--------+--------+-------+
| class                   | gts   | dets   | recall | ap    |
+-------------------------+-------+--------+--------+-------+
| airplane                | 8212  | 61425  | 0.796  | 0.680 |
| airport                 | 666   | 17559  | 0.943  | 0.630 |
| baseballfield           | 3434  | 20918  | 0.806  | 0.720 |
| basketballcourt         | 2146  | 46007  | 0.948  | 0.814 |
| bridge                  | 2589  | 93447  | 0.583  | 0.250 |
| chimney                 | 1031  | 19777  | 0.867  | 0.773 |
| dam                     | 538   | 25394  | 0.935  | 0.530 |
| Expressway-Service-area | 1085  | 28362  | 0.940  | 0.697 |
| Expressway-toll-station | 688   | 10850  | 0.558  | 0.476 |
| golffield               | 575   | 19909  | 0.957  | 0.767 |
| groundtrackfield        | 1885  | 25431  | 0.943  | 0.769 |
| harbor                  | 3105  | 38198  | 0.647  | 0.372 |
| overpass                | 1782  | 86914  | 0.770  | 0.448 |
| ship                    | 35184 | 84699  | 0.685  | 0.602 |
| stadium                 | 672   | 8204   | 0.927  | 0.751 |
| storagetank             | 23361 | 111582 | 0.557  | 0.482 |
| tenniscourt             | 7343  | 35765  | 0.894  | 0.801 |
| trainstation            | 509   | 8869   | 0.823  | 0.385 |
| vehicle                 | 26639 | 292279 | 0.482  | 0.351 |
| windmill                | 2998  | 55057  | 0.914  | 0.776 |
+-------------------------+-------+--------+--------+-------+
| mAP                     |       |        |        | 0.604 |
+-------------------------+-------+--------+--------+-------+
2023-06-17 17:40:48,581 - mmdet - INFO - Exp name: retinanet_pvtv2-b2_fpn_1x_coco.py
2023-06-17 17:40:48,582 - mmdet - INFO - Epoch(val) [3][11738]	mAP: 0.6037, AP50: 0.6040
2023-06-17 17:41:24,383 - mmdet - INFO - Epoch [4][50/1466]	lr: 5.000e-05, eta: 2:22:51, time: 0.716, data_time: 0.066, memory: 25981, loss_cls: 0.1827, loss_bbox: 0.2624, loss: 0.4451
2023-06-17 17:41:57,143 - mmdet - INFO - Epoch [4][100/1466]	lr: 5.000e-05, eta: 2:22:19, time: 0.655, data_time: 0.013, memory: 25981, loss_cls: 0.1850, loss_bbox: 0.2640, loss: 0.4490
2023-06-17 17:42:30,112 - mmdet - INFO - Epoch [4][150/1466]	lr: 5.000e-05, eta: 2:21:47, time: 0.659, data_time: 0.013, memory: 25981, loss_cls: 0.1749, loss_bbox: 0.2501, loss: 0.4249
2023-06-17 17:43:02,787 - mmdet - INFO - Epoch [4][200/1466]	lr: 5.000e-05, eta: 2:21:15, time: 0.653, data_time: 0.013, memory: 25981, loss_cls: 0.1632, loss_bbox: 0.2460, loss: 0.4093
2023-06-17 17:43:36,004 - mmdet - INFO - Epoch [4][250/1466]	lr: 5.000e-05, eta: 2:20:44, time: 0.664, data_time: 0.013, memory: 25981, loss_cls: 0.1545, loss_bbox: 0.2467, loss: 0.4012
2023-06-17 17:44:08,956 - mmdet - INFO - Epoch [4][300/1466]	lr: 5.000e-05, eta: 2:20:12, time: 0.659, data_time: 0.013, memory: 25981, loss_cls: 0.1714, loss_bbox: 0.2425, loss: 0.4139
2023-06-17 17:44:42,117 - mmdet - INFO - Epoch [4][350/1466]	lr: 5.000e-05, eta: 2:19:41, time: 0.663, data_time: 0.013, memory: 25981, loss_cls: 0.1705, loss_bbox: 0.2407, loss: 0.4112
2023-06-17 17:45:14,916 - mmdet - INFO - Epoch [4][400/1466]	lr: 5.000e-05, eta: 2:19:09, time: 0.656, data_time: 0.013, memory: 25981, loss_cls: 0.1732, loss_bbox: 0.2640, loss: 0.4372
2023-06-17 17:45:47,790 - mmdet - INFO - Epoch [4][450/1466]	lr: 5.000e-05, eta: 2:18:37, time: 0.657, data_time: 0.013, memory: 25981, loss_cls: 0.1554, loss_bbox: 0.2401, loss: 0.3955
2023-06-17 17:46:20,861 - mmdet - INFO - Epoch [4][500/1466]	lr: 5.000e-05, eta: 2:18:05, time: 0.661, data_time: 0.012, memory: 25981, loss_cls: 0.1700, loss_bbox: 0.2585, loss: 0.4285
2023-06-17 17:46:53,600 - mmdet - INFO - Epoch [4][550/1466]	lr: 5.000e-05, eta: 2:17:33, time: 0.655, data_time: 0.014, memory: 25981, loss_cls: 0.1664, loss_bbox: 0.2544, loss: 0.4209
2023-06-17 17:47:26,688 - mmdet - INFO - Epoch [4][600/1466]	lr: 5.000e-05, eta: 2:17:01, time: 0.662, data_time: 0.014, memory: 25981, loss_cls: 0.1767, loss_bbox: 0.2582, loss: 0.4349
2023-06-17 17:47:59,775 - mmdet - INFO - Epoch [4][650/1466]	lr: 5.000e-05, eta: 2:16:30, time: 0.662, data_time: 0.013, memory: 25981, loss_cls: 0.1601, loss_bbox: 0.2450, loss: 0.4051
2023-06-17 17:48:32,176 - mmdet - INFO - Epoch [4][700/1466]	lr: 5.000e-05, eta: 2:15:57, time: 0.648, data_time: 0.013, memory: 25981, loss_cls: 0.1502, loss_bbox: 0.2483, loss: 0.3984
2023-06-17 17:49:05,065 - mmdet - INFO - Epoch [4][750/1466]	lr: 5.000e-05, eta: 2:15:25, time: 0.658, data_time: 0.013, memory: 25981, loss_cls: 0.1678, loss_bbox: 0.2765, loss: 0.4442
2023-06-17 17:49:38,684 - mmdet - INFO - Epoch [4][800/1466]	lr: 5.000e-05, eta: 2:14:54, time: 0.672, data_time: 0.013, memory: 25981, loss_cls: 0.1646, loss_bbox: 0.2563, loss: 0.4209
2023-06-17 17:50:11,585 - mmdet - INFO - Epoch [4][850/1466]	lr: 5.000e-05, eta: 2:14:22, time: 0.658, data_time: 0.013, memory: 25981, loss_cls: 0.1629, loss_bbox: 0.2690, loss: 0.4319
2023-06-17 17:50:44,430 - mmdet - INFO - Epoch [4][900/1466]	lr: 5.000e-05, eta: 2:13:50, time: 0.657, data_time: 0.014, memory: 25981, loss_cls: 0.1579, loss_bbox: 0.2458, loss: 0.4036
2023-06-17 17:51:17,231 - mmdet - INFO - Epoch [4][950/1466]	lr: 5.000e-05, eta: 2:13:18, time: 0.656, data_time: 0.013, memory: 25981, loss_cls: 0.1602, loss_bbox: 0.2561, loss: 0.4163
2023-06-17 17:51:49,882 - mmdet - INFO - Epoch [4][1000/1466]	lr: 5.000e-05, eta: 2:12:45, time: 0.653, data_time: 0.013, memory: 25981, loss_cls: 0.1613, loss_bbox: 0.2434, loss: 0.4047
2023-06-17 17:52:23,222 - mmdet - INFO - Epoch [4][1050/1466]	lr: 5.000e-05, eta: 2:12:14, time: 0.667, data_time: 0.013, memory: 25981, loss_cls: 0.1894, loss_bbox: 0.2681, loss: 0.4575
2023-06-17 17:52:55,703 - mmdet - INFO - Epoch [4][1100/1466]	lr: 5.000e-05, eta: 2:11:41, time: 0.650, data_time: 0.012, memory: 25981, loss_cls: 0.1714, loss_bbox: 0.2740, loss: 0.4454
2023-06-17 17:53:28,371 - mmdet - INFO - Epoch [4][1150/1466]	lr: 5.000e-05, eta: 2:11:08, time: 0.653, data_time: 0.012, memory: 25981, loss_cls: 0.1579, loss_bbox: 0.2489, loss: 0.4068
2023-06-17 17:54:01,946 - mmdet - INFO - Epoch [4][1200/1466]	lr: 5.000e-05, eta: 2:10:37, time: 0.671, data_time: 0.013, memory: 25981, loss_cls: 0.1528, loss_bbox: 0.2491, loss: 0.4019
2023-06-17 17:54:34,308 - mmdet - INFO - Epoch [4][1250/1466]	lr: 5.000e-05, eta: 2:10:04, time: 0.647, data_time: 0.013, memory: 25981, loss_cls: 0.1626, loss_bbox: 0.2379, loss: 0.4004
2023-06-17 17:55:07,033 - mmdet - INFO - Epoch [4][1300/1466]	lr: 5.000e-05, eta: 2:09:31, time: 0.654, data_time: 0.013, memory: 25981, loss_cls: 0.1530, loss_bbox: 0.2453, loss: 0.3983
2023-06-17 17:55:39,479 - mmdet - INFO - Epoch [4][1350/1466]	lr: 5.000e-05, eta: 2:08:58, time: 0.649, data_time: 0.013, memory: 25981, loss_cls: 0.1604, loss_bbox: 0.2361, loss: 0.3965
2023-06-17 17:56:12,446 - mmdet - INFO - Epoch [4][1400/1466]	lr: 5.000e-05, eta: 2:08:26, time: 0.659, data_time: 0.013, memory: 25981, loss_cls: 0.1788, loss_bbox: 0.2693, loss: 0.4482
2023-06-17 17:56:45,119 - mmdet - INFO - Epoch [4][1450/1466]	lr: 5.000e-05, eta: 2:07:54, time: 0.653, data_time: 0.013, memory: 25981, loss_cls: 0.1627, loss_bbox: 0.2425, loss: 0.4052
2023-06-17 17:56:55,844 - mmdet - INFO - Saving checkpoint at 4 epochs
2023-06-17 18:21:08,608 - mmdet - INFO - 
+-------------------------+-------+--------+--------+-------+
| class                   | gts   | dets   | recall | ap    |
+-------------------------+-------+--------+--------+-------+
| airplane                | 8212  | 31145  | 0.649  | 0.502 |
| airport                 | 666   | 39163  | 0.959  | 0.683 |
| baseballfield           | 3434  | 25945  | 0.836  | 0.725 |
| basketballcourt         | 2146  | 37132  | 0.950  | 0.830 |
| bridge                  | 2589  | 163859 | 0.671  | 0.255 |
| chimney                 | 1031  | 13494  | 0.860  | 0.778 |
| dam                     | 538   | 28861  | 0.948  | 0.467 |
| Expressway-Service-area | 1085  | 24706  | 0.958  | 0.723 |
| Expressway-toll-station | 688   | 13876  | 0.567  | 0.459 |
| golffield               | 575   | 12411  | 0.983  | 0.635 |
| groundtrackfield        | 1885  | 29008  | 0.950  | 0.764 |
| harbor                  | 3105  | 31145  | 0.602  | 0.381 |
| overpass                | 1782  | 57932  | 0.745  | 0.508 |
| ship                    | 35184 | 80045  | 0.706  | 0.643 |
| stadium                 | 672   | 10369  | 0.932  | 0.632 |
| storagetank             | 23361 | 53557  | 0.595  | 0.520 |
| tenniscourt             | 7343  | 25411  | 0.906  | 0.850 |
| trainstation            | 509   | 4476   | 0.695  | 0.335 |
| vehicle                 | 26639 | 290952 | 0.538  | 0.390 |
| windmill                | 2998  | 72765  | 0.932  | 0.785 |
+-------------------------+-------+--------+--------+-------+
| mAP                     |       |        |        | 0.593 |
+-------------------------+-------+--------+--------+-------+
2023-06-17 18:21:08,749 - mmdet - INFO - Exp name: retinanet_pvtv2-b2_fpn_1x_coco.py
2023-06-17 18:21:08,749 - mmdet - INFO - Epoch(val) [4][11738]	mAP: 0.5932, AP50: 0.5930
2023-06-17 18:21:44,524 - mmdet - INFO - Epoch [5][50/1466]	lr: 5.000e-05, eta: 2:06:56, time: 0.715, data_time: 0.066, memory: 25981, loss_cls: 0.1761, loss_bbox: 0.2548, loss: 0.4309
2023-06-17 18:22:17,436 - mmdet - INFO - Epoch [5][100/1466]	lr: 5.000e-05, eta: 2:06:24, time: 0.658, data_time: 0.013, memory: 25981, loss_cls: 0.1865, loss_bbox: 0.2787, loss: 0.4652
2023-06-17 18:22:50,495 - mmdet - INFO - Epoch [5][150/1466]	lr: 5.000e-05, eta: 2:05:52, time: 0.661, data_time: 0.014, memory: 25981, loss_cls: 0.1435, loss_bbox: 0.2383, loss: 0.3818
2023-06-17 18:23:23,271 - mmdet - INFO - Epoch [5][200/1466]	lr: 5.000e-05, eta: 2:05:20, time: 0.656, data_time: 0.014, memory: 25981, loss_cls: 0.1794, loss_bbox: 0.2767, loss: 0.4561
2023-06-17 18:23:56,594 - mmdet - INFO - Epoch [5][250/1466]	lr: 5.000e-05, eta: 2:04:49, time: 0.666, data_time: 0.013, memory: 25981, loss_cls: 0.1549, loss_bbox: 0.2345, loss: 0.3894
2023-06-17 18:24:29,508 - mmdet - INFO - Epoch [5][300/1466]	lr: 5.000e-05, eta: 2:04:16, time: 0.658, data_time: 0.013, memory: 25981, loss_cls: 0.1481, loss_bbox: 0.2307, loss: 0.3787
2023-06-17 18:25:02,695 - mmdet - INFO - Epoch [5][350/1466]	lr: 5.000e-05, eta: 2:03:45, time: 0.664, data_time: 0.013, memory: 25981, loss_cls: 0.1566, loss_bbox: 0.2533, loss: 0.4099
2023-06-17 18:25:35,572 - mmdet - INFO - Epoch [5][400/1466]	lr: 5.000e-05, eta: 2:03:13, time: 0.658, data_time: 0.014, memory: 25981, loss_cls: 0.1492, loss_bbox: 0.2276, loss: 0.3768
2023-06-17 18:26:08,351 - mmdet - INFO - Epoch [5][450/1466]	lr: 5.000e-05, eta: 2:02:40, time: 0.656, data_time: 0.013, memory: 25981, loss_cls: 0.1425, loss_bbox: 0.2319, loss: 0.3744
2023-06-17 18:26:41,465 - mmdet - INFO - Epoch [5][500/1466]	lr: 5.000e-05, eta: 2:02:08, time: 0.662, data_time: 0.013, memory: 25981, loss_cls: 0.1398, loss_bbox: 0.2388, loss: 0.3786
2023-06-17 18:27:14,131 - mmdet - INFO - Epoch [5][550/1466]	lr: 5.000e-05, eta: 2:01:36, time: 0.653, data_time: 0.014, memory: 25981, loss_cls: 0.1313, loss_bbox: 0.2239, loss: 0.3552
2023-06-17 18:27:47,168 - mmdet - INFO - Epoch [5][600/1466]	lr: 5.000e-05, eta: 2:01:04, time: 0.661, data_time: 0.013, memory: 25981, loss_cls: 0.1548, loss_bbox: 0.2534, loss: 0.4082
2023-06-17 18:28:20,080 - mmdet - INFO - Epoch [5][650/1466]	lr: 5.000e-05, eta: 2:00:32, time: 0.658, data_time: 0.012, memory: 25981, loss_cls: 0.1390, loss_bbox: 0.2375, loss: 0.3765
2023-06-17 18:28:52,472 - mmdet - INFO - Epoch [5][700/1466]	lr: 5.000e-05, eta: 1:59:59, time: 0.648, data_time: 0.012, memory: 25981, loss_cls: 0.1435, loss_bbox: 0.2345, loss: 0.3780
2023-06-17 18:29:25,301 - mmdet - INFO - Epoch [5][750/1466]	lr: 5.000e-05, eta: 1:59:26, time: 0.657, data_time: 0.013, memory: 25981, loss_cls: 0.1386, loss_bbox: 0.2323, loss: 0.3708
2023-06-17 18:29:58,564 - mmdet - INFO - Epoch [5][800/1466]	lr: 5.000e-05, eta: 1:58:55, time: 0.665, data_time: 0.012, memory: 25981, loss_cls: 0.1390, loss_bbox: 0.2181, loss: 0.3571
2023-06-17 18:30:31,302 - mmdet - INFO - Epoch [5][850/1466]	lr: 5.000e-05, eta: 1:58:22, time: 0.655, data_time: 0.014, memory: 25981, loss_cls: 0.1263, loss_bbox: 0.2139, loss: 0.3402
2023-06-17 18:31:04,017 - mmdet - INFO - Epoch [5][900/1466]	lr: 5.000e-05, eta: 1:57:50, time: 0.654, data_time: 0.014, memory: 25981, loss_cls: 0.1560, loss_bbox: 0.2307, loss: 0.3867
2023-06-17 18:31:36,750 - mmdet - INFO - Epoch [5][950/1466]	lr: 5.000e-05, eta: 1:57:17, time: 0.655, data_time: 0.013, memory: 25981, loss_cls: 0.1374, loss_bbox: 0.2204, loss: 0.3578
2023-06-17 18:32:09,323 - mmdet - INFO - Epoch [5][1000/1466]	lr: 5.000e-05, eta: 1:56:44, time: 0.651, data_time: 0.013, memory: 25981, loss_cls: 0.1557, loss_bbox: 0.2406, loss: 0.3963
2023-06-17 18:32:42,753 - mmdet - INFO - Epoch [5][1050/1466]	lr: 5.000e-05, eta: 1:56:13, time: 0.669, data_time: 0.013, memory: 25981, loss_cls: 0.1733, loss_bbox: 0.2333, loss: 0.4066
2023-06-17 18:33:15,297 - mmdet - INFO - Epoch [5][1100/1466]	lr: 5.000e-05, eta: 1:55:40, time: 0.651, data_time: 0.013, memory: 25981, loss_cls: 0.1408, loss_bbox: 0.2294, loss: 0.3701
2023-06-17 18:33:48,129 - mmdet - INFO - Epoch [5][1150/1466]	lr: 5.000e-05, eta: 1:55:08, time: 0.657, data_time: 0.013, memory: 25981, loss_cls: 0.1712, loss_bbox: 0.2362, loss: 0.4074
2023-06-17 18:34:21,675 - mmdet - INFO - Epoch [5][1200/1466]	lr: 5.000e-05, eta: 1:54:36, time: 0.671, data_time: 0.014, memory: 25981, loss_cls: 0.1555, loss_bbox: 0.2253, loss: 0.3808
2023-06-17 18:34:54,092 - mmdet - INFO - Epoch [5][1250/1466]	lr: 5.000e-05, eta: 1:54:03, time: 0.648, data_time: 0.013, memory: 25981, loss_cls: 0.1351, loss_bbox: 0.2122, loss: 0.3473
2023-06-17 18:35:26,907 - mmdet - INFO - Epoch [5][1300/1466]	lr: 5.000e-05, eta: 1:53:31, time: 0.656, data_time: 0.013, memory: 25981, loss_cls: 0.1455, loss_bbox: 0.2309, loss: 0.3765
2023-06-17 18:35:59,455 - mmdet - INFO - Epoch [5][1350/1466]	lr: 5.000e-05, eta: 1:52:58, time: 0.651, data_time: 0.013, memory: 25981, loss_cls: 0.1658, loss_bbox: 0.2412, loss: 0.4070
2023-06-17 18:36:32,590 - mmdet - INFO - Epoch [5][1400/1466]	lr: 5.000e-05, eta: 1:52:26, time: 0.663, data_time: 0.013, memory: 25981, loss_cls: 0.1453, loss_bbox: 0.2348, loss: 0.3801
2023-06-17 18:37:05,303 - mmdet - INFO - Epoch [5][1450/1466]	lr: 5.000e-05, eta: 1:51:54, time: 0.654, data_time: 0.013, memory: 25981, loss_cls: 0.1344, loss_bbox: 0.2291, loss: 0.3635
2023-06-17 18:37:16,078 - mmdet - INFO - Saving checkpoint at 5 epochs
2023-06-17 19:01:25,634 - mmdet - INFO - 
+-------------------------+-------+--------+--------+-------+
| class                   | gts   | dets   | recall | ap    |
+-------------------------+-------+--------+--------+-------+
| airplane                | 8212  | 32411  | 0.783  | 0.688 |
| airport                 | 666   | 21014  | 0.979  | 0.747 |
| baseballfield           | 3434  | 20805  | 0.843  | 0.757 |
| basketballcourt         | 2146  | 31139  | 0.945  | 0.844 |
| bridge                  | 2589  | 121718 | 0.662  | 0.333 |
| chimney                 | 1031  | 18569  | 0.902  | 0.816 |
| dam                     | 538   | 17686  | 0.950  | 0.669 |
| Expressway-Service-area | 1085  | 14313  | 0.937  | 0.798 |
| Expressway-toll-station | 688   | 22043  | 0.663  | 0.512 |
| golffield               | 575   | 18424  | 0.983  | 0.818 |
| groundtrackfield        | 1885  | 50718  | 0.969  | 0.799 |
| harbor                  | 3105  | 38780  | 0.672  | 0.427 |
| overpass                | 1782  | 48705  | 0.756  | 0.523 |
| ship                    | 35184 | 92710  | 0.718  | 0.663 |
| stadium                 | 672   | 18838  | 0.958  | 0.764 |
| storagetank             | 23361 | 51061  | 0.575  | 0.507 |
| tenniscourt             | 7343  | 44538  | 0.921  | 0.845 |
| trainstation            | 509   | 33083  | 0.969  | 0.504 |
| vehicle                 | 26639 | 225412 | 0.526  | 0.368 |
| windmill                | 2998  | 29593  | 0.937  | 0.822 |
+-------------------------+-------+--------+--------+-------+
| mAP                     |       |        |        | 0.660 |
+-------------------------+-------+--------+--------+-------+
2023-06-17 19:01:25,760 - mmdet - INFO - Exp name: retinanet_pvtv2-b2_fpn_1x_coco.py
2023-06-17 19:01:25,761 - mmdet - INFO - Epoch(val) [5][11738]	mAP: 0.6601, AP50: 0.6600
2023-06-17 19:02:01,536 - mmdet - INFO - Epoch [6][50/1466]	lr: 5.000e-05, eta: 1:51:00, time: 0.715, data_time: 0.068, memory: 25981, loss_cls: 0.1222, loss_bbox: 0.2061, loss: 0.3283
2023-06-17 19:02:34,447 - mmdet - INFO - Epoch [6][100/1466]	lr: 5.000e-05, eta: 1:50:28, time: 0.658, data_time: 0.014, memory: 25981, loss_cls: 0.1150, loss_bbox: 0.2038, loss: 0.3188
2023-06-17 19:03:07,367 - mmdet - INFO - Epoch [6][150/1466]	lr: 5.000e-05, eta: 1:49:56, time: 0.658, data_time: 0.013, memory: 25981, loss_cls: 0.1207, loss_bbox: 0.2115, loss: 0.3322
2023-06-17 19:03:40,141 - mmdet - INFO - Epoch [6][200/1466]	lr: 5.000e-05, eta: 1:49:24, time: 0.655, data_time: 0.013, memory: 25981, loss_cls: 0.1448, loss_bbox: 0.2340, loss: 0.3789
2023-06-17 19:04:13,508 - mmdet - INFO - Epoch [6][250/1466]	lr: 5.000e-05, eta: 1:48:52, time: 0.667, data_time: 0.012, memory: 25981, loss_cls: 0.1278, loss_bbox: 0.2175, loss: 0.3453
2023-06-17 19:04:46,552 - mmdet - INFO - Epoch [6][300/1466]	lr: 5.000e-05, eta: 1:48:20, time: 0.661, data_time: 0.014, memory: 25981, loss_cls: 0.1230, loss_bbox: 0.2046, loss: 0.3277
2023-06-17 19:05:19,762 - mmdet - INFO - Epoch [6][350/1466]	lr: 5.000e-05, eta: 1:47:48, time: 0.664, data_time: 0.013, memory: 25981, loss_cls: 0.1276, loss_bbox: 0.2097, loss: 0.3373
2023-06-17 19:05:52,577 - mmdet - INFO - Epoch [6][400/1466]	lr: 5.000e-05, eta: 1:47:16, time: 0.656, data_time: 0.013, memory: 25981, loss_cls: 0.1258, loss_bbox: 0.2207, loss: 0.3465
2023-06-17 19:06:25,505 - mmdet - INFO - Epoch [6][450/1466]	lr: 5.000e-05, eta: 1:46:43, time: 0.659, data_time: 0.014, memory: 25981, loss_cls: 0.1286, loss_bbox: 0.2559, loss: 0.3846
2023-06-17 19:06:58,692 - mmdet - INFO - Epoch [6][500/1466]	lr: 5.000e-05, eta: 1:46:11, time: 0.664, data_time: 0.013, memory: 25981, loss_cls: 0.1340, loss_bbox: 0.2238, loss: 0.3578
2023-06-17 19:07:31,388 - mmdet - INFO - Epoch [6][550/1466]	lr: 5.000e-05, eta: 1:45:39, time: 0.654, data_time: 0.013, memory: 25981, loss_cls: 0.1167, loss_bbox: 0.2099, loss: 0.3266
2023-06-17 19:08:04,398 - mmdet - INFO - Epoch [6][600/1466]	lr: 5.000e-05, eta: 1:45:07, time: 0.660, data_time: 0.013, memory: 25981, loss_cls: 0.1399, loss_bbox: 0.2495, loss: 0.3894
2023-06-17 19:08:37,449 - mmdet - INFO - Epoch [6][650/1466]	lr: 5.000e-05, eta: 1:44:34, time: 0.661, data_time: 0.013, memory: 25981, loss_cls: 0.1278, loss_bbox: 0.2131, loss: 0.3409
2023-06-17 19:09:09,984 - mmdet - INFO - Epoch [6][700/1466]	lr: 5.000e-05, eta: 1:44:02, time: 0.651, data_time: 0.013, memory: 25981, loss_cls: 0.1358, loss_bbox: 0.2212, loss: 0.3570
2023-06-17 19:09:42,883 - mmdet - INFO - Epoch [6][750/1466]	lr: 5.000e-05, eta: 1:43:29, time: 0.658, data_time: 0.013, memory: 25981, loss_cls: 0.1364, loss_bbox: 0.2302, loss: 0.3667
2023-06-17 19:10:16,312 - mmdet - INFO - Epoch [6][800/1466]	lr: 5.000e-05, eta: 1:42:58, time: 0.669, data_time: 0.013, memory: 25981, loss_cls: 0.1238, loss_bbox: 0.2124, loss: 0.3362
2023-06-17 19:10:49,006 - mmdet - INFO - Epoch [6][850/1466]	lr: 5.000e-05, eta: 1:42:25, time: 0.654, data_time: 0.013, memory: 25981, loss_cls: 0.1326, loss_bbox: 0.2101, loss: 0.3427
2023-06-17 19:11:21,616 - mmdet - INFO - Epoch [6][900/1466]	lr: 5.000e-05, eta: 1:41:52, time: 0.652, data_time: 0.013, memory: 25981, loss_cls: 0.1328, loss_bbox: 0.2066, loss: 0.3394
2023-06-17 19:11:54,311 - mmdet - INFO - Epoch [6][950/1466]	lr: 5.000e-05, eta: 1:41:20, time: 0.654, data_time: 0.013, memory: 25981, loss_cls: 0.1539, loss_bbox: 0.2319, loss: 0.3858
2023-06-17 19:12:27,009 - mmdet - INFO - Epoch [6][1000/1466]	lr: 5.000e-05, eta: 1:40:47, time: 0.654, data_time: 0.013, memory: 25981, loss_cls: 0.1483, loss_bbox: 0.2332, loss: 0.3815
2023-06-17 19:13:00,263 - mmdet - INFO - Epoch [6][1050/1466]	lr: 5.000e-05, eta: 1:40:15, time: 0.665, data_time: 0.013, memory: 25981, loss_cls: 0.1367, loss_bbox: 0.2303, loss: 0.3670
2023-06-17 19:13:32,814 - mmdet - INFO - Epoch [6][1100/1466]	lr: 5.000e-05, eta: 1:39:42, time: 0.651, data_time: 0.013, memory: 25981, loss_cls: 0.1575, loss_bbox: 0.2388, loss: 0.3963
2023-06-17 19:14:05,576 - mmdet - INFO - Epoch [6][1150/1466]	lr: 5.000e-05, eta: 1:39:10, time: 0.655, data_time: 0.014, memory: 25981, loss_cls: 0.1522, loss_bbox: 0.2137, loss: 0.3658
2023-06-17 19:14:39,054 - mmdet - INFO - Epoch [6][1200/1466]	lr: 5.000e-05, eta: 1:38:38, time: 0.670, data_time: 0.013, memory: 25981, loss_cls: 0.1631, loss_bbox: 0.2266, loss: 0.3897
2023-06-17 19:15:11,524 - mmdet - INFO - Epoch [6][1250/1466]	lr: 5.000e-05, eta: 1:38:05, time: 0.649, data_time: 0.013, memory: 25981, loss_cls: 0.1392, loss_bbox: 0.2178, loss: 0.3570
2023-06-17 19:15:44,311 - mmdet - INFO - Epoch [6][1300/1466]	lr: 5.000e-05, eta: 1:37:33, time: 0.656, data_time: 0.014, memory: 25981, loss_cls: 0.1154, loss_bbox: 0.2105, loss: 0.3259
2023-06-17 19:16:17,018 - mmdet - INFO - Epoch [6][1350/1466]	lr: 5.000e-05, eta: 1:37:00, time: 0.654, data_time: 0.014, memory: 25981, loss_cls: 0.1352, loss_bbox: 0.2127, loss: 0.3480
2023-06-17 19:16:50,209 - mmdet - INFO - Epoch [6][1400/1466]	lr: 5.000e-05, eta: 1:36:28, time: 0.664, data_time: 0.013, memory: 25981, loss_cls: 0.1446, loss_bbox: 0.2161, loss: 0.3606
2023-06-17 19:17:23,158 - mmdet - INFO - Epoch [6][1450/1466]	lr: 5.000e-05, eta: 1:35:56, time: 0.659, data_time: 0.013, memory: 25981, loss_cls: 0.1349, loss_bbox: 0.2269, loss: 0.3618
2023-06-17 19:17:34,017 - mmdet - INFO - Saving checkpoint at 6 epochs
2023-06-17 19:41:35,004 - mmdet - INFO - 
+-------------------------+-------+--------+--------+-------+
| class                   | gts   | dets   | recall | ap    |
+-------------------------+-------+--------+--------+-------+
| airplane                | 8212  | 35866  | 0.800  | 0.729 |
| airport                 | 666   | 10711  | 0.961  | 0.777 |
| baseballfield           | 3434  | 11305  | 0.831  | 0.762 |
| basketballcourt         | 2146  | 26328  | 0.944  | 0.849 |
| bridge                  | 2589  | 74006  | 0.640  | 0.293 |
| chimney                 | 1031  | 16540  | 0.887  | 0.807 |
| dam                     | 538   | 17526  | 0.941  | 0.646 |
| Expressway-Service-area | 1085  | 11715  | 0.947  | 0.805 |
| Expressway-toll-station | 688   | 24732  | 0.686  | 0.540 |
| golffield               | 575   | 5681   | 0.967  | 0.826 |
| groundtrackfield        | 1885  | 17502  | 0.962  | 0.807 |
| harbor                  | 3105  | 50613  | 0.736  | 0.453 |
| overpass                | 1782  | 97772  | 0.816  | 0.532 |
| ship                    | 35184 | 63640  | 0.683  | 0.609 |
| stadium                 | 672   | 6152   | 0.926  | 0.718 |
| storagetank             | 23361 | 80933  | 0.568  | 0.492 |
| tenniscourt             | 7343  | 42237  | 0.927  | 0.863 |
| trainstation            | 509   | 27179  | 0.961  | 0.424 |
| vehicle                 | 26639 | 370717 | 0.515  | 0.374 |
| windmill                | 2998  | 29355  | 0.917  | 0.813 |
+-------------------------+-------+--------+--------+-------+
| mAP                     |       |        |        | 0.656 |
+-------------------------+-------+--------+--------+-------+
2023-06-17 19:41:35,112 - mmdet - INFO - Exp name: retinanet_pvtv2-b2_fpn_1x_coco.py
2023-06-17 19:41:35,112 - mmdet - INFO - Epoch(val) [6][11738]	mAP: 0.6559, AP50: 0.6560
2023-06-17 19:42:10,880 - mmdet - INFO - Epoch [7][50/1466]	lr: 5.000e-05, eta: 1:35:05, time: 0.715, data_time: 0.066, memory: 25981, loss_cls: 0.1185, loss_bbox: 0.2042, loss: 0.3227
2023-06-17 19:42:43,642 - mmdet - INFO - Epoch [7][100/1466]	lr: 5.000e-05, eta: 1:34:33, time: 0.655, data_time: 0.013, memory: 25981, loss_cls: 0.1124, loss_bbox: 0.1978, loss: 0.3102
2023-06-17 19:43:16,566 - mmdet - INFO - Epoch [7][150/1466]	lr: 5.000e-05, eta: 1:34:00, time: 0.658, data_time: 0.013, memory: 25981, loss_cls: 0.1144, loss_bbox: 0.2083, loss: 0.3227
2023-06-17 19:43:49,196 - mmdet - INFO - Epoch [7][200/1466]	lr: 5.000e-05, eta: 1:33:28, time: 0.653, data_time: 0.012, memory: 25981, loss_cls: 0.1433, loss_bbox: 0.2011, loss: 0.3444
2023-06-17 19:44:22,553 - mmdet - INFO - Epoch [7][250/1466]	lr: 5.000e-05, eta: 1:32:56, time: 0.667, data_time: 0.013, memory: 25981, loss_cls: 0.1225, loss_bbox: 0.2226, loss: 0.3450
2023-06-17 19:44:55,496 - mmdet - INFO - Epoch [7][300/1466]	lr: 5.000e-05, eta: 1:32:24, time: 0.659, data_time: 0.013, memory: 25981, loss_cls: 0.1325, loss_bbox: 0.2254, loss: 0.3579
2023-06-17 19:45:28,680 - mmdet - INFO - Epoch [7][350/1466]	lr: 5.000e-05, eta: 1:31:51, time: 0.664, data_time: 0.014, memory: 25981, loss_cls: 0.1099, loss_bbox: 0.1980, loss: 0.3079
2023-06-17 19:46:01,405 - mmdet - INFO - Epoch [7][400/1466]	lr: 5.000e-05, eta: 1:31:19, time: 0.654, data_time: 0.012, memory: 25981, loss_cls: 0.1128, loss_bbox: 0.1961, loss: 0.3089
2023-06-17 19:46:34,229 - mmdet - INFO - Epoch [7][450/1466]	lr: 5.000e-05, eta: 1:30:46, time: 0.656, data_time: 0.013, memory: 25981, loss_cls: 0.1271, loss_bbox: 0.2106, loss: 0.3378
2023-06-17 19:47:07,391 - mmdet - INFO - Epoch [7][500/1466]	lr: 5.000e-05, eta: 1:30:14, time: 0.663, data_time: 0.013, memory: 25981, loss_cls: 0.1224, loss_bbox: 0.2256, loss: 0.3480
2023-06-17 19:47:40,004 - mmdet - INFO - Epoch [7][550/1466]	lr: 5.000e-05, eta: 1:29:42, time: 0.652, data_time: 0.012, memory: 25981, loss_cls: 0.1069, loss_bbox: 0.1926, loss: 0.2995
2023-06-17 19:48:13,086 - mmdet - INFO - Epoch [7][600/1466]	lr: 5.000e-05, eta: 1:29:09, time: 0.662, data_time: 0.014, memory: 25981, loss_cls: 0.1063, loss_bbox: 0.1863, loss: 0.2925
2023-06-17 19:48:46,092 - mmdet - INFO - Epoch [7][650/1466]	lr: 5.000e-05, eta: 1:28:37, time: 0.660, data_time: 0.012, memory: 25981, loss_cls: 0.1171, loss_bbox: 0.2134, loss: 0.3305
2023-06-17 19:49:18,581 - mmdet - INFO - Epoch [7][700/1466]	lr: 5.000e-05, eta: 1:28:04, time: 0.650, data_time: 0.013, memory: 25981, loss_cls: 0.1294, loss_bbox: 0.2257, loss: 0.3551
2023-06-17 19:49:51,499 - mmdet - INFO - Epoch [7][750/1466]	lr: 5.000e-05, eta: 1:27:32, time: 0.658, data_time: 0.013, memory: 25981, loss_cls: 0.1491, loss_bbox: 0.2311, loss: 0.3802
2023-06-17 19:50:24,960 - mmdet - INFO - Epoch [7][800/1466]	lr: 5.000e-05, eta: 1:27:00, time: 0.669, data_time: 0.013, memory: 25981, loss_cls: 0.1202, loss_bbox: 0.2099, loss: 0.3301
2023-06-17 19:50:57,754 - mmdet - INFO - Epoch [7][850/1466]	lr: 5.000e-05, eta: 1:26:27, time: 0.656, data_time: 0.013, memory: 25981, loss_cls: 0.1269, loss_bbox: 0.2252, loss: 0.3521
2023-06-17 19:51:30,401 - mmdet - INFO - Epoch [7][900/1466]	lr: 5.000e-05, eta: 1:25:55, time: 0.653, data_time: 0.013, memory: 25981, loss_cls: 0.1243, loss_bbox: 0.2214, loss: 0.3457
2023-06-17 19:52:03,201 - mmdet - INFO - Epoch [7][950/1466]	lr: 5.000e-05, eta: 1:25:22, time: 0.656, data_time: 0.014, memory: 25981, loss_cls: 0.1301, loss_bbox: 0.2309, loss: 0.3610
2023-06-17 19:52:35,886 - mmdet - INFO - Epoch [7][1000/1466]	lr: 5.000e-05, eta: 1:24:50, time: 0.654, data_time: 0.014, memory: 25981, loss_cls: 0.1116, loss_bbox: 0.1993, loss: 0.3109
2023-06-17 19:53:09,238 - mmdet - INFO - Epoch [7][1050/1466]	lr: 5.000e-05, eta: 1:24:18, time: 0.667, data_time: 0.013, memory: 25981, loss_cls: 0.1396, loss_bbox: 0.2012, loss: 0.3408
2023-06-17 19:53:41,794 - mmdet - INFO - Epoch [7][1100/1466]	lr: 5.000e-05, eta: 1:23:45, time: 0.651, data_time: 0.014, memory: 25981, loss_cls: 0.1166, loss_bbox: 0.2039, loss: 0.3205
2023-06-17 19:54:14,377 - mmdet - INFO - Epoch [7][1150/1466]	lr: 5.000e-05, eta: 1:23:12, time: 0.652, data_time: 0.013, memory: 25981, loss_cls: 0.1270, loss_bbox: 0.2159, loss: 0.3429
2023-06-17 19:54:48,023 - mmdet - INFO - Epoch [7][1200/1466]	lr: 5.000e-05, eta: 1:22:40, time: 0.673, data_time: 0.015, memory: 25981, loss_cls: 0.1164, loss_bbox: 0.2082, loss: 0.3246
2023-06-17 19:55:20,576 - mmdet - INFO - Epoch [7][1250/1466]	lr: 5.000e-05, eta: 1:22:08, time: 0.651, data_time: 0.014, memory: 25981, loss_cls: 0.1327, loss_bbox: 0.2159, loss: 0.3486
2023-06-17 19:55:53,400 - mmdet - INFO - Epoch [7][1300/1466]	lr: 5.000e-05, eta: 1:21:35, time: 0.656, data_time: 0.013, memory: 25981, loss_cls: 0.1272, loss_bbox: 0.2115, loss: 0.3387
2023-06-17 19:56:26,015 - mmdet - INFO - Epoch [7][1350/1466]	lr: 5.000e-05, eta: 1:21:02, time: 0.652, data_time: 0.013, memory: 25981, loss_cls: 0.1122, loss_bbox: 0.1960, loss: 0.3082
2023-06-17 19:56:59,054 - mmdet - INFO - Epoch [7][1400/1466]	lr: 5.000e-05, eta: 1:20:30, time: 0.661, data_time: 0.012, memory: 25981, loss_cls: 0.1184, loss_bbox: 0.1977, loss: 0.3161
2023-06-17 19:57:31,932 - mmdet - INFO - Epoch [7][1450/1466]	lr: 5.000e-05, eta: 1:19:57, time: 0.658, data_time: 0.014, memory: 25981, loss_cls: 0.1315, loss_bbox: 0.2142, loss: 0.3457
2023-06-17 19:57:42,752 - mmdet - INFO - Saving checkpoint at 7 epochs
2023-06-17 20:21:49,412 - mmdet - INFO - 
+-------------------------+-------+--------+--------+-------+
| class                   | gts   | dets   | recall | ap    |
+-------------------------+-------+--------+--------+-------+
| airplane                | 8212  | 51002  | 0.795  | 0.692 |
| airport                 | 666   | 29472  | 0.983  | 0.800 |
| baseballfield           | 3434  | 32809  | 0.897  | 0.755 |
| basketballcourt         | 2146  | 18078  | 0.944  | 0.875 |
| bridge                  | 2589  | 65289  | 0.686  | 0.384 |
| chimney                 | 1031  | 23458  | 0.905  | 0.812 |
| dam                     | 538   | 28046  | 0.965  | 0.660 |
| Expressway-Service-area | 1085  | 20952  | 0.969  | 0.817 |
| Expressway-toll-station | 688   | 18473  | 0.706  | 0.535 |
| golffield               | 575   | 12719  | 0.974  | 0.823 |
| groundtrackfield        | 1885  | 15925  | 0.951  | 0.799 |
| harbor                  | 3105  | 23749  | 0.645  | 0.450 |
| overpass                | 1782  | 28958  | 0.767  | 0.550 |
| ship                    | 35184 | 82598  | 0.736  | 0.684 |
| stadium                 | 672   | 6115   | 0.908  | 0.690 |
| storagetank             | 23361 | 97019  | 0.574  | 0.474 |
| tenniscourt             | 7343  | 20540  | 0.903  | 0.848 |
| trainstation            | 509   | 4880   | 0.898  | 0.584 |
| vehicle                 | 26639 | 346760 | 0.588  | 0.420 |
| windmill                | 2998  | 30659  | 0.933  | 0.824 |
+-------------------------+-------+--------+--------+-------+
| mAP                     |       |        |        | 0.674 |
+-------------------------+-------+--------+--------+-------+
2023-06-17 20:21:49,531 - mmdet - INFO - Exp name: retinanet_pvtv2-b2_fpn_1x_coco.py
2023-06-17 20:21:49,531 - mmdet - INFO - Epoch(val) [7][11738]	mAP: 0.6737, AP50: 0.6740
2023-06-17 20:22:25,172 - mmdet - INFO - Epoch [8][50/1466]	lr: 5.000e-05, eta: 1:19:09, time: 0.712, data_time: 0.064, memory: 25981, loss_cls: 0.1277, loss_bbox: 0.2214, loss: 0.3490
2023-06-17 20:22:57,876 - mmdet - INFO - Epoch [8][100/1466]	lr: 5.000e-05, eta: 1:18:36, time: 0.654, data_time: 0.012, memory: 25981, loss_cls: 0.1284, loss_bbox: 0.2382, loss: 0.3665
2023-06-17 20:23:30,713 - mmdet - INFO - Epoch [8][150/1466]	lr: 5.000e-05, eta: 1:18:04, time: 0.657, data_time: 0.012, memory: 25981, loss_cls: 0.1072, loss_bbox: 0.1997, loss: 0.3069
2023-06-17 20:24:03,340 - mmdet - INFO - Epoch [8][200/1466]	lr: 5.000e-05, eta: 1:17:31, time: 0.653, data_time: 0.012, memory: 25981, loss_cls: 0.1112, loss_bbox: 0.2016, loss: 0.3127
2023-06-17 20:24:36,626 - mmdet - INFO - Epoch [8][250/1466]	lr: 5.000e-05, eta: 1:16:59, time: 0.666, data_time: 0.013, memory: 25981, loss_cls: 0.1023, loss_bbox: 0.2053, loss: 0.3076
2023-06-17 20:25:09,417 - mmdet - INFO - Epoch [8][300/1466]	lr: 5.000e-05, eta: 1:16:27, time: 0.656, data_time: 0.012, memory: 25981, loss_cls: 0.0981, loss_bbox: 0.1876, loss: 0.2857
2023-06-17 20:25:42,475 - mmdet - INFO - Epoch [8][350/1466]	lr: 5.000e-05, eta: 1:15:54, time: 0.661, data_time: 0.012, memory: 25981, loss_cls: 0.1130, loss_bbox: 0.2074, loss: 0.3204
2023-06-17 20:26:15,170 - mmdet - INFO - Epoch [8][400/1466]	lr: 5.000e-05, eta: 1:15:22, time: 0.654, data_time: 0.012, memory: 25981, loss_cls: 0.1103, loss_bbox: 0.2051, loss: 0.3154
2023-06-17 20:26:47,893 - mmdet - INFO - Epoch [8][450/1466]	lr: 5.000e-05, eta: 1:14:49, time: 0.654, data_time: 0.012, memory: 25981, loss_cls: 0.1041, loss_bbox: 0.1887, loss: 0.2928
2023-06-17 20:27:20,936 - mmdet - INFO - Epoch [8][500/1466]	lr: 5.000e-05, eta: 1:14:17, time: 0.661, data_time: 0.013, memory: 25981, loss_cls: 0.1114, loss_bbox: 0.2010, loss: 0.3124
2023-06-17 20:27:53,518 - mmdet - INFO - Epoch [8][550/1466]	lr: 5.000e-05, eta: 1:13:44, time: 0.652, data_time: 0.012, memory: 25981, loss_cls: 0.1244, loss_bbox: 0.2207, loss: 0.3451
2023-06-17 20:28:26,529 - mmdet - INFO - Epoch [8][600/1466]	lr: 5.000e-05, eta: 1:13:12, time: 0.660, data_time: 0.013, memory: 25981, loss_cls: 0.1307, loss_bbox: 0.2161, loss: 0.3468
2023-06-17 20:28:59,465 - mmdet - INFO - Epoch [8][650/1466]	lr: 5.000e-05, eta: 1:12:39, time: 0.659, data_time: 0.012, memory: 25981, loss_cls: 0.1130, loss_bbox: 0.2048, loss: 0.3178
2023-06-17 20:29:31,828 - mmdet - INFO - Epoch [8][700/1466]	lr: 5.000e-05, eta: 1:12:07, time: 0.647, data_time: 0.012, memory: 25981, loss_cls: 0.1108, loss_bbox: 0.2148, loss: 0.3256
2023-06-17 20:30:04,507 - mmdet - INFO - Epoch [8][750/1466]	lr: 5.000e-05, eta: 1:11:34, time: 0.654, data_time: 0.012, memory: 25981, loss_cls: 0.1032, loss_bbox: 0.1999, loss: 0.3032
2023-06-17 20:30:37,792 - mmdet - INFO - Epoch [8][800/1466]	lr: 5.000e-05, eta: 1:11:02, time: 0.666, data_time: 0.012, memory: 25981, loss_cls: 0.0988, loss_bbox: 0.1770, loss: 0.2757
2023-06-17 20:31:10,394 - mmdet - INFO - Epoch [8][850/1466]	lr: 5.000e-05, eta: 1:10:29, time: 0.652, data_time: 0.012, memory: 25981, loss_cls: 0.1193, loss_bbox: 0.1983, loss: 0.3177
2023-06-17 20:31:42,894 - mmdet - INFO - Epoch [8][900/1466]	lr: 5.000e-05, eta: 1:09:56, time: 0.650, data_time: 0.012, memory: 25981, loss_cls: 0.1112, loss_bbox: 0.2066, loss: 0.3178
2023-06-17 20:32:15,494 - mmdet - INFO - Epoch [8][950/1466]	lr: 5.000e-05, eta: 1:09:24, time: 0.652, data_time: 0.013, memory: 25981, loss_cls: 0.1069, loss_bbox: 0.2044, loss: 0.3113
2023-06-17 20:32:47,927 - mmdet - INFO - Epoch [8][1000/1466]	lr: 5.000e-05, eta: 1:08:51, time: 0.649, data_time: 0.012, memory: 25981, loss_cls: 0.1257, loss_bbox: 0.2139, loss: 0.3396
2023-06-17 20:33:21,133 - mmdet - INFO - Epoch [8][1050/1466]	lr: 5.000e-05, eta: 1:08:19, time: 0.664, data_time: 0.012, memory: 25981, loss_cls: 0.1026, loss_bbox: 0.1915, loss: 0.2942
2023-06-17 20:33:53,389 - mmdet - INFO - Epoch [8][1100/1466]	lr: 5.000e-05, eta: 1:07:46, time: 0.645, data_time: 0.012, memory: 25981, loss_cls: 0.0972, loss_bbox: 0.1908, loss: 0.2879
2023-06-17 20:34:26,003 - mmdet - INFO - Epoch [8][1150/1466]	lr: 5.000e-05, eta: 1:07:13, time: 0.652, data_time: 0.013, memory: 25981, loss_cls: 0.1097, loss_bbox: 0.1901, loss: 0.2998
2023-06-17 20:34:59,543 - mmdet - INFO - Epoch [8][1200/1466]	lr: 5.000e-05, eta: 1:06:41, time: 0.671, data_time: 0.014, memory: 25981, loss_cls: 0.0965, loss_bbox: 0.1904, loss: 0.2868
2023-06-17 20:35:31,890 - mmdet - INFO - Epoch [8][1250/1466]	lr: 5.000e-05, eta: 1:06:08, time: 0.647, data_time: 0.013, memory: 25981, loss_cls: 0.1061, loss_bbox: 0.2071, loss: 0.3132
2023-06-17 20:36:04,690 - mmdet - INFO - Epoch [8][1300/1466]	lr: 5.000e-05, eta: 1:05:36, time: 0.656, data_time: 0.013, memory: 25981, loss_cls: 0.1245, loss_bbox: 0.1962, loss: 0.3207
2023-06-17 20:36:37,313 - mmdet - INFO - Epoch [8][1350/1466]	lr: 5.000e-05, eta: 1:05:03, time: 0.652, data_time: 0.014, memory: 25981, loss_cls: 0.1034, loss_bbox: 0.1911, loss: 0.2944
2023-06-17 20:37:10,432 - mmdet - INFO - Epoch [8][1400/1466]	lr: 5.000e-05, eta: 1:04:31, time: 0.662, data_time: 0.014, memory: 25981, loss_cls: 0.1030, loss_bbox: 0.1932, loss: 0.2962
2023-06-17 20:37:43,252 - mmdet - INFO - Epoch [8][1450/1466]	lr: 5.000e-05, eta: 1:03:58, time: 0.656, data_time: 0.014, memory: 25981, loss_cls: 0.1582, loss_bbox: 0.2087, loss: 0.3670
2023-06-17 20:37:54,059 - mmdet - INFO - Saving checkpoint at 8 epochs
2023-06-17 21:02:18,198 - mmdet - INFO - 
+-------------------------+-------+--------+--------+-------+
| class                   | gts   | dets   | recall | ap    |
+-------------------------+-------+--------+--------+-------+
| airplane                | 8212  | 74285  | 0.815  | 0.731 |
| airport                 | 666   | 6507   | 0.965  | 0.832 |
| baseballfield           | 3434  | 20347  | 0.875  | 0.771 |
| basketballcourt         | 2146  | 27458  | 0.953  | 0.870 |
| bridge                  | 2589  | 80946  | 0.725  | 0.417 |
| chimney                 | 1031  | 5051   | 0.874  | 0.811 |
| dam                     | 538   | 8289   | 0.935  | 0.684 |
| Expressway-Service-area | 1085  | 10088  | 0.953  | 0.825 |
| Expressway-toll-station | 688   | 25104  | 0.772  | 0.594 |
| golffield               | 575   | 5657   | 0.903  | 0.761 |
| groundtrackfield        | 1885  | 23041  | 0.969  | 0.802 |
| harbor                  | 3105  | 29563  | 0.639  | 0.463 |
| overpass                | 1782  | 30604  | 0.783  | 0.571 |
| ship                    | 35184 | 87607  | 0.737  | 0.690 |
| stadium                 | 672   | 2735   | 0.872  | 0.703 |
| storagetank             | 23361 | 115343 | 0.615  | 0.543 |
| tenniscourt             | 7343  | 30269  | 0.927  | 0.868 |
| trainstation            | 509   | 7708   | 0.929  | 0.628 |
| vehicle                 | 26639 | 380882 | 0.608  | 0.426 |
| windmill                | 2998  | 39524  | 0.934  | 0.800 |
+-------------------------+-------+--------+--------+-------+
| mAP                     |       |        |        | 0.689 |
+-------------------------+-------+--------+--------+-------+
2023-06-17 21:02:18,325 - mmdet - INFO - Exp name: retinanet_pvtv2-b2_fpn_1x_coco.py
2023-06-17 21:02:18,326 - mmdet - INFO - Epoch(val) [8][11738]	mAP: 0.6895, AP50: 0.6890
2023-06-17 21:02:54,159 - mmdet - INFO - Epoch [9][50/1466]	lr: 5.000e-06, eta: 1:03:11, time: 0.716, data_time: 0.067, memory: 25981, loss_cls: 0.0922, loss_bbox: 0.1795, loss: 0.2718
2023-06-17 21:03:27,056 - mmdet - INFO - Epoch [9][100/1466]	lr: 5.000e-06, eta: 1:02:39, time: 0.658, data_time: 0.013, memory: 25981, loss_cls: 0.0981, loss_bbox: 0.1881, loss: 0.2862
2023-06-17 21:04:00,059 - mmdet - INFO - Epoch [9][150/1466]	lr: 5.000e-06, eta: 1:02:06, time: 0.660, data_time: 0.014, memory: 25981, loss_cls: 0.0942, loss_bbox: 0.1859, loss: 0.2801
2023-06-17 21:04:32,669 - mmdet - INFO - Epoch [9][200/1466]	lr: 5.000e-06, eta: 1:01:34, time: 0.652, data_time: 0.012, memory: 25981, loss_cls: 0.0837, loss_bbox: 0.1718, loss: 0.2555
2023-06-17 21:05:06,010 - mmdet - INFO - Epoch [9][250/1466]	lr: 5.000e-06, eta: 1:01:02, time: 0.667, data_time: 0.013, memory: 25981, loss_cls: 0.0868, loss_bbox: 0.1671, loss: 0.2539
2023-06-17 21:05:38,911 - mmdet - INFO - Epoch [9][300/1466]	lr: 5.000e-06, eta: 1:00:29, time: 0.658, data_time: 0.014, memory: 25981, loss_cls: 0.0879, loss_bbox: 0.1745, loss: 0.2623
2023-06-17 21:06:12,040 - mmdet - INFO - Epoch [9][350/1466]	lr: 5.000e-06, eta: 0:59:57, time: 0.663, data_time: 0.012, memory: 25981, loss_cls: 0.0889, loss_bbox: 0.1810, loss: 0.2699
2023-06-17 21:06:44,883 - mmdet - INFO - Epoch [9][400/1466]	lr: 5.000e-06, eta: 0:59:24, time: 0.657, data_time: 0.014, memory: 25981, loss_cls: 0.0862, loss_bbox: 0.1680, loss: 0.2542
2023-06-17 21:07:17,796 - mmdet - INFO - Epoch [9][450/1466]	lr: 5.000e-06, eta: 0:58:52, time: 0.658, data_time: 0.013, memory: 25981, loss_cls: 0.0891, loss_bbox: 0.1801, loss: 0.2692
2023-06-17 21:07:50,901 - mmdet - INFO - Epoch [9][500/1466]	lr: 5.000e-06, eta: 0:58:19, time: 0.662, data_time: 0.013, memory: 25981, loss_cls: 0.0817, loss_bbox: 0.1699, loss: 0.2516
2023-06-17 21:08:23,568 - mmdet - INFO - Epoch [9][550/1466]	lr: 5.000e-06, eta: 0:57:47, time: 0.653, data_time: 0.013, memory: 25981, loss_cls: 0.0812, loss_bbox: 0.1662, loss: 0.2474
2023-06-17 21:08:56,626 - mmdet - INFO - Epoch [9][600/1466]	lr: 5.000e-06, eta: 0:57:14, time: 0.661, data_time: 0.014, memory: 25981, loss_cls: 0.0815, loss_bbox: 0.1688, loss: 0.2504
2023-06-17 21:09:29,567 - mmdet - INFO - Epoch [9][650/1466]	lr: 5.000e-06, eta: 0:56:42, time: 0.659, data_time: 0.012, memory: 25981, loss_cls: 0.0756, loss_bbox: 0.1534, loss: 0.2290
2023-06-17 21:10:01,925 - mmdet - INFO - Epoch [9][700/1466]	lr: 5.000e-06, eta: 0:56:09, time: 0.647, data_time: 0.012, memory: 25981, loss_cls: 0.0847, loss_bbox: 0.1821, loss: 0.2668
2023-06-17 21:10:34,804 - mmdet - INFO - Epoch [9][750/1466]	lr: 5.000e-06, eta: 0:55:36, time: 0.658, data_time: 0.014, memory: 25981, loss_cls: 0.0878, loss_bbox: 0.1725, loss: 0.2603
2023-06-17 21:11:08,245 - mmdet - INFO - Epoch [9][800/1466]	lr: 5.000e-06, eta: 0:55:04, time: 0.669, data_time: 0.014, memory: 25981, loss_cls: 0.0840, loss_bbox: 0.1689, loss: 0.2530
2023-06-17 21:11:40,899 - mmdet - INFO - Epoch [9][850/1466]	lr: 5.000e-06, eta: 0:54:32, time: 0.653, data_time: 0.013, memory: 25981, loss_cls: 0.0803, loss_bbox: 0.1648, loss: 0.2451
2023-06-17 21:12:13,487 - mmdet - INFO - Epoch [9][900/1466]	lr: 5.000e-06, eta: 0:53:59, time: 0.652, data_time: 0.012, memory: 25981, loss_cls: 0.0803, loss_bbox: 0.1652, loss: 0.2454
2023-06-17 21:12:46,255 - mmdet - INFO - Epoch [9][950/1466]	lr: 5.000e-06, eta: 0:53:26, time: 0.655, data_time: 0.014, memory: 25981, loss_cls: 0.0799, loss_bbox: 0.1655, loss: 0.2454
2023-06-17 21:13:18,756 - mmdet - INFO - Epoch [9][1000/1466]	lr: 5.000e-06, eta: 0:52:54, time: 0.650, data_time: 0.013, memory: 25981, loss_cls: 0.0861, loss_bbox: 0.1623, loss: 0.2483
2023-06-17 21:13:51,962 - mmdet - INFO - Epoch [9][1050/1466]	lr: 5.000e-06, eta: 0:52:21, time: 0.664, data_time: 0.013, memory: 25981, loss_cls: 0.0819, loss_bbox: 0.1690, loss: 0.2508
2023-06-17 21:14:24,327 - mmdet - INFO - Epoch [9][1100/1466]	lr: 5.000e-06, eta: 0:51:49, time: 0.647, data_time: 0.012, memory: 25981, loss_cls: 0.0943, loss_bbox: 0.1731, loss: 0.2675
2023-06-17 21:14:57,027 - mmdet - INFO - Epoch [9][1150/1466]	lr: 5.000e-06, eta: 0:51:16, time: 0.654, data_time: 0.013, memory: 25981, loss_cls: 0.0824, loss_bbox: 0.1667, loss: 0.2491
2023-06-17 21:15:30,354 - mmdet - INFO - Epoch [9][1200/1466]	lr: 5.000e-06, eta: 0:50:44, time: 0.667, data_time: 0.012, memory: 25981, loss_cls: 0.0832, loss_bbox: 0.1735, loss: 0.2567
2023-06-17 21:16:02,761 - mmdet - INFO - Epoch [9][1250/1466]	lr: 5.000e-06, eta: 0:50:11, time: 0.648, data_time: 0.012, memory: 25981, loss_cls: 0.0839, loss_bbox: 0.1680, loss: 0.2520
2023-06-17 21:16:35,498 - mmdet - INFO - Epoch [9][1300/1466]	lr: 5.000e-06, eta: 0:49:38, time: 0.655, data_time: 0.013, memory: 25981, loss_cls: 0.0760, loss_bbox: 0.1609, loss: 0.2369
2023-06-17 21:17:07,982 - mmdet - INFO - Epoch [9][1350/1466]	lr: 5.000e-06, eta: 0:49:06, time: 0.650, data_time: 0.013, memory: 25981, loss_cls: 0.0910, loss_bbox: 0.1723, loss: 0.2633
2023-06-17 21:17:41,037 - mmdet - INFO - Epoch [9][1400/1466]	lr: 5.000e-06, eta: 0:48:33, time: 0.661, data_time: 0.013, memory: 25981, loss_cls: 0.0937, loss_bbox: 0.1786, loss: 0.2723
2023-06-17 21:18:13,812 - mmdet - INFO - Epoch [9][1450/1466]	lr: 5.000e-06, eta: 0:48:00, time: 0.655, data_time: 0.013, memory: 25981, loss_cls: 0.0893, loss_bbox: 0.1847, loss: 0.2740
2023-06-17 21:18:24,665 - mmdet - INFO - Saving checkpoint at 9 epochs
2023-06-17 21:42:46,076 - mmdet - INFO - 
+-------------------------+-------+--------+--------+-------+
| class                   | gts   | dets   | recall | ap    |
+-------------------------+-------+--------+--------+-------+
| airplane                | 8212  | 19717  | 0.788  | 0.711 |
| airport                 | 666   | 12065  | 0.979  | 0.834 |
| baseballfield           | 3434  | 19793  | 0.876  | 0.777 |
| basketballcourt         | 2146  | 20861  | 0.950  | 0.883 |
| bridge                  | 2589  | 79866  | 0.747  | 0.455 |
| chimney                 | 1031  | 6895   | 0.888  | 0.812 |
| dam                     | 538   | 13475  | 0.954  | 0.738 |
| Expressway-Service-area | 1085  | 12724  | 0.959  | 0.848 |
| Expressway-toll-station | 688   | 14787  | 0.773  | 0.612 |
| golffield               | 575   | 8648   | 0.962  | 0.819 |
| groundtrackfield        | 1885  | 21919  | 0.968  | 0.819 |
| harbor                  | 3105  | 33704  | 0.713  | 0.527 |
| overpass                | 1782  | 38424  | 0.804  | 0.606 |
| ship                    | 35184 | 78608  | 0.743  | 0.693 |
| stadium                 | 672   | 5948   | 0.927  | 0.750 |
| storagetank             | 23361 | 69130  | 0.609  | 0.553 |
| tenniscourt             | 7343  | 21646  | 0.917  | 0.872 |
| trainstation            | 509   | 13008  | 0.955  | 0.662 |
| vehicle                 | 26639 | 354460 | 0.615  | 0.445 |
| windmill                | 2998  | 27217  | 0.957  | 0.859 |
+-------------------------+-------+--------+--------+-------+
| mAP                     |       |        |        | 0.714 |
+-------------------------+-------+--------+--------+-------+
2023-06-17 21:42:46,190 - mmdet - INFO - Exp name: retinanet_pvtv2-b2_fpn_1x_coco.py
2023-06-17 21:42:46,190 - mmdet - INFO - Epoch(val) [9][11738]	mAP: 0.7138, AP50: 0.7140
2023-06-17 21:43:22,098 - mmdet - INFO - Epoch [10][50/1466]	lr: 5.000e-06, eta: 0:47:15, time: 0.718, data_time: 0.067, memory: 25981, loss_cls: 0.0737, loss_bbox: 0.1592, loss: 0.2329
2023-06-17 21:43:54,890 - mmdet - INFO - Epoch [10][100/1466]	lr: 5.000e-06, eta: 0:46:42, time: 0.656, data_time: 0.013, memory: 25981, loss_cls: 0.0942, loss_bbox: 0.1715, loss: 0.2656
2023-06-17 21:44:27,806 - mmdet - INFO - Epoch [10][150/1466]	lr: 5.000e-06, eta: 0:46:10, time: 0.658, data_time: 0.013, memory: 25981, loss_cls: 0.0794, loss_bbox: 0.1659, loss: 0.2453
2023-06-17 21:45:00,504 - mmdet - INFO - Epoch [10][200/1466]	lr: 5.000e-06, eta: 0:45:37, time: 0.654, data_time: 0.013, memory: 25981, loss_cls: 0.0834, loss_bbox: 0.1681, loss: 0.2515
2023-06-17 21:45:33,856 - mmdet - INFO - Epoch [10][250/1466]	lr: 5.000e-06, eta: 0:45:05, time: 0.667, data_time: 0.014, memory: 25981, loss_cls: 0.0809, loss_bbox: 0.1640, loss: 0.2448
2023-06-17 21:46:06,707 - mmdet - INFO - Epoch [10][300/1466]	lr: 5.000e-06, eta: 0:44:32, time: 0.657, data_time: 0.012, memory: 25981, loss_cls: 0.0730, loss_bbox: 0.1557, loss: 0.2287
2023-06-17 21:46:39,924 - mmdet - INFO - Epoch [10][350/1466]	lr: 5.000e-06, eta: 0:44:00, time: 0.664, data_time: 0.013, memory: 25981, loss_cls: 0.0820, loss_bbox: 0.1672, loss: 0.2492
2023-06-17 21:47:12,861 - mmdet - INFO - Epoch [10][400/1466]	lr: 5.000e-06, eta: 0:43:28, time: 0.659, data_time: 0.014, memory: 25981, loss_cls: 0.0707, loss_bbox: 0.1545, loss: 0.2252
2023-06-17 21:47:45,699 - mmdet - INFO - Epoch [10][450/1466]	lr: 5.000e-06, eta: 0:42:55, time: 0.657, data_time: 0.013, memory: 25981, loss_cls: 0.0827, loss_bbox: 0.1610, loss: 0.2437
2023-06-17 21:48:18,886 - mmdet - INFO - Epoch [10][500/1466]	lr: 5.000e-06, eta: 0:42:23, time: 0.664, data_time: 0.014, memory: 25981, loss_cls: 0.0773, loss_bbox: 0.1575, loss: 0.2348
2023-06-17 21:48:51,520 - mmdet - INFO - Epoch [10][550/1466]	lr: 5.000e-06, eta: 0:41:50, time: 0.653, data_time: 0.013, memory: 25981, loss_cls: 0.0864, loss_bbox: 0.1758, loss: 0.2622
2023-06-17 21:49:24,503 - mmdet - INFO - Epoch [10][600/1466]	lr: 5.000e-06, eta: 0:41:17, time: 0.660, data_time: 0.013, memory: 25981, loss_cls: 0.0762, loss_bbox: 0.1600, loss: 0.2362
2023-06-17 21:49:57,586 - mmdet - INFO - Epoch [10][650/1466]	lr: 5.000e-06, eta: 0:40:45, time: 0.662, data_time: 0.014, memory: 25981, loss_cls: 0.0782, loss_bbox: 0.1663, loss: 0.2445
2023-06-17 21:50:30,013 - mmdet - INFO - Epoch [10][700/1466]	lr: 5.000e-06, eta: 0:40:12, time: 0.649, data_time: 0.013, memory: 25981, loss_cls: 0.0867, loss_bbox: 0.1681, loss: 0.2548
2023-06-17 21:51:02,791 - mmdet - INFO - Epoch [10][750/1466]	lr: 5.000e-06, eta: 0:39:40, time: 0.656, data_time: 0.013, memory: 25981, loss_cls: 0.0726, loss_bbox: 0.1567, loss: 0.2293
2023-06-17 21:51:36,293 - mmdet - INFO - Epoch [10][800/1466]	lr: 5.000e-06, eta: 0:39:07, time: 0.670, data_time: 0.015, memory: 25981, loss_cls: 0.0741, loss_bbox: 0.1569, loss: 0.2310
2023-06-17 21:52:08,914 - mmdet - INFO - Epoch [10][850/1466]	lr: 5.000e-06, eta: 0:38:35, time: 0.652, data_time: 0.013, memory: 25981, loss_cls: 0.0763, loss_bbox: 0.1671, loss: 0.2435
2023-06-17 21:52:41,549 - mmdet - INFO - Epoch [10][900/1466]	lr: 5.000e-06, eta: 0:38:02, time: 0.653, data_time: 0.013, memory: 25981, loss_cls: 0.0797, loss_bbox: 0.1677, loss: 0.2474
2023-06-17 21:53:14,090 - mmdet - INFO - Epoch [10][950/1466]	lr: 5.000e-06, eta: 0:37:29, time: 0.651, data_time: 0.013, memory: 25981, loss_cls: 0.0793, loss_bbox: 0.1643, loss: 0.2436
2023-06-17 21:53:46,608 - mmdet - INFO - Epoch [10][1000/1466]	lr: 5.000e-06, eta: 0:36:57, time: 0.650, data_time: 0.012, memory: 25981, loss_cls: 0.0823, loss_bbox: 0.1712, loss: 0.2535
2023-06-17 21:54:19,856 - mmdet - INFO - Epoch [10][1050/1466]	lr: 5.000e-06, eta: 0:36:24, time: 0.665, data_time: 0.014, memory: 25981, loss_cls: 0.0767, loss_bbox: 0.1630, loss: 0.2397
2023-06-17 21:54:52,312 - mmdet - INFO - Epoch [10][1100/1466]	lr: 5.000e-06, eta: 0:35:52, time: 0.649, data_time: 0.013, memory: 25981, loss_cls: 0.0817, loss_bbox: 0.1687, loss: 0.2505
2023-06-17 21:55:25,073 - mmdet - INFO - Epoch [10][1150/1466]	lr: 5.000e-06, eta: 0:35:19, time: 0.655, data_time: 0.013, memory: 25981, loss_cls: 0.0795, loss_bbox: 0.1781, loss: 0.2576
2023-06-17 21:55:58,486 - mmdet - INFO - Epoch [10][1200/1466]	lr: 5.000e-06, eta: 0:34:46, time: 0.668, data_time: 0.012, memory: 25981, loss_cls: 0.0813, loss_bbox: 0.1715, loss: 0.2528
2023-06-17 21:56:30,954 - mmdet - INFO - Epoch [10][1250/1466]	lr: 5.000e-06, eta: 0:34:14, time: 0.649, data_time: 0.013, memory: 25981, loss_cls: 0.0728, loss_bbox: 0.1605, loss: 0.2332
2023-06-17 21:57:03,780 - mmdet - INFO - Epoch [10][1300/1466]	lr: 5.000e-06, eta: 0:33:41, time: 0.657, data_time: 0.013, memory: 25981, loss_cls: 0.0682, loss_bbox: 0.1487, loss: 0.2168
2023-06-17 21:57:36,347 - mmdet - INFO - Epoch [10][1350/1466]	lr: 5.000e-06, eta: 0:33:09, time: 0.651, data_time: 0.014, memory: 25981, loss_cls: 0.0752, loss_bbox: 0.1578, loss: 0.2330
2023-06-17 21:58:09,412 - mmdet - INFO - Epoch [10][1400/1466]	lr: 5.000e-06, eta: 0:32:36, time: 0.661, data_time: 0.013, memory: 25981, loss_cls: 0.0732, loss_bbox: 0.1627, loss: 0.2359
2023-06-17 21:58:42,201 - mmdet - INFO - Epoch [10][1450/1466]	lr: 5.000e-06, eta: 0:32:03, time: 0.656, data_time: 0.014, memory: 25981, loss_cls: 0.0805, loss_bbox: 0.1728, loss: 0.2533
2023-06-17 21:58:52,997 - mmdet - INFO - Saving checkpoint at 10 epochs
2023-06-17 22:23:09,525 - mmdet - INFO - 
+-------------------------+-------+--------+--------+-------+
| class                   | gts   | dets   | recall | ap    |
+-------------------------+-------+--------+--------+-------+
| airplane                | 8212  | 20918  | 0.785  | 0.710 |
| airport                 | 666   | 10595  | 0.985  | 0.838 |
| baseballfield           | 3434  | 19784  | 0.875  | 0.778 |
| basketballcourt         | 2146  | 17928  | 0.952  | 0.884 |
| bridge                  | 2589  | 85012  | 0.750  | 0.463 |
| chimney                 | 1031  | 5947   | 0.887  | 0.813 |
| dam                     | 538   | 13081  | 0.952  | 0.748 |
| Expressway-Service-area | 1085  | 12644  | 0.961  | 0.863 |
| Expressway-toll-station | 688   | 21317  | 0.785  | 0.615 |
| golffield               | 575   | 7367   | 0.969  | 0.841 |
| groundtrackfield        | 1885  | 19085  | 0.969  | 0.824 |
| harbor                  | 3105  | 32061  | 0.712  | 0.528 |
| overpass                | 1782  | 34328  | 0.796  | 0.608 |
| ship                    | 35184 | 79850  | 0.743  | 0.693 |
| stadium                 | 672   | 5163   | 0.923  | 0.746 |
| storagetank             | 23361 | 65429  | 0.621  | 0.561 |
| tenniscourt             | 7343  | 23103  | 0.921  | 0.875 |
| trainstation            | 509   | 12962  | 0.965  | 0.643 |
| vehicle                 | 26639 | 371116 | 0.614  | 0.441 |
| windmill                | 2998  | 23179  | 0.959  | 0.862 |
+-------------------------+-------+--------+--------+-------+
| mAP                     |       |        |        | 0.717 |
+-------------------------+-------+--------+--------+-------+
2023-06-17 22:23:09,640 - mmdet - INFO - Exp name: retinanet_pvtv2-b2_fpn_1x_coco.py
2023-06-17 22:23:09,640 - mmdet - INFO - Epoch(val) [10][11738]	mAP: 0.7166, AP50: 0.7170
2023-06-17 22:23:45,437 - mmdet - INFO - Epoch [11][50/1466]	lr: 5.000e-06, eta: 0:31:19, time: 0.716, data_time: 0.066, memory: 25981, loss_cls: 0.0762, loss_bbox: 0.1575, loss: 0.2338
2023-06-17 22:24:18,339 - mmdet - INFO - Epoch [11][100/1466]	lr: 5.000e-06, eta: 0:30:46, time: 0.658, data_time: 0.014, memory: 25981, loss_cls: 0.0681, loss_bbox: 0.1527, loss: 0.2208
2023-06-17 22:24:51,435 - mmdet - INFO - Epoch [11][150/1466]	lr: 5.000e-06, eta: 0:30:14, time: 0.662, data_time: 0.013, memory: 25981, loss_cls: 0.0701, loss_bbox: 0.1498, loss: 0.2200
2023-06-17 22:25:24,192 - mmdet - INFO - Epoch [11][200/1466]	lr: 5.000e-06, eta: 0:29:41, time: 0.655, data_time: 0.013, memory: 25981, loss_cls: 0.0707, loss_bbox: 0.1529, loss: 0.2237
2023-06-17 22:25:57,539 - mmdet - INFO - Epoch [11][250/1466]	lr: 5.000e-06, eta: 0:29:09, time: 0.667, data_time: 0.013, memory: 25981, loss_cls: 0.0636, loss_bbox: 0.1454, loss: 0.2089
2023-06-17 22:26:30,494 - mmdet - INFO - Epoch [11][300/1466]	lr: 5.000e-06, eta: 0:28:36, time: 0.659, data_time: 0.013, memory: 25981, loss_cls: 0.0851, loss_bbox: 0.1772, loss: 0.2623
2023-06-17 22:27:03,633 - mmdet - INFO - Epoch [11][350/1466]	lr: 5.000e-06, eta: 0:28:04, time: 0.663, data_time: 0.013, memory: 25981, loss_cls: 0.0778, loss_bbox: 0.1654, loss: 0.2432
2023-06-17 22:27:36,544 - mmdet - INFO - Epoch [11][400/1466]	lr: 5.000e-06, eta: 0:27:31, time: 0.658, data_time: 0.013, memory: 25981, loss_cls: 0.0755, loss_bbox: 0.1587, loss: 0.2342
2023-06-17 22:28:09,446 - mmdet - INFO - Epoch [11][450/1466]	lr: 5.000e-06, eta: 0:26:59, time: 0.658, data_time: 0.013, memory: 25981, loss_cls: 0.0785, loss_bbox: 0.1713, loss: 0.2497
2023-06-17 22:28:42,660 - mmdet - INFO - Epoch [11][500/1466]	lr: 5.000e-06, eta: 0:26:26, time: 0.664, data_time: 0.013, memory: 25981, loss_cls: 0.0694, loss_bbox: 0.1613, loss: 0.2307
2023-06-17 22:29:15,320 - mmdet - INFO - Epoch [11][550/1466]	lr: 5.000e-06, eta: 0:25:53, time: 0.653, data_time: 0.014, memory: 25981, loss_cls: 0.0797, loss_bbox: 0.1647, loss: 0.2444
2023-06-17 22:29:48,334 - mmdet - INFO - Epoch [11][600/1466]	lr: 5.000e-06, eta: 0:25:21, time: 0.660, data_time: 0.013, memory: 25981, loss_cls: 0.0691, loss_bbox: 0.1549, loss: 0.2240
2023-06-17 22:30:21,355 - mmdet - INFO - Epoch [11][650/1466]	lr: 5.000e-06, eta: 0:24:48, time: 0.660, data_time: 0.013, memory: 25981, loss_cls: 0.0849, loss_bbox: 0.1759, loss: 0.2607
2023-06-17 22:30:53,885 - mmdet - INFO - Epoch [11][700/1466]	lr: 5.000e-06, eta: 0:24:16, time: 0.651, data_time: 0.013, memory: 25981, loss_cls: 0.0758, loss_bbox: 0.1662, loss: 0.2420
2023-06-17 22:31:26,702 - mmdet - INFO - Epoch [11][750/1466]	lr: 5.000e-06, eta: 0:23:43, time: 0.656, data_time: 0.013, memory: 25981, loss_cls: 0.0833, loss_bbox: 0.1667, loss: 0.2500
2023-06-17 22:32:00,234 - mmdet - INFO - Epoch [11][800/1466]	lr: 5.000e-06, eta: 0:23:11, time: 0.671, data_time: 0.014, memory: 25981, loss_cls: 0.0820, loss_bbox: 0.1753, loss: 0.2573
2023-06-17 22:32:32,910 - mmdet - INFO - Epoch [11][850/1466]	lr: 5.000e-06, eta: 0:22:38, time: 0.654, data_time: 0.013, memory: 25981, loss_cls: 0.0810, loss_bbox: 0.1720, loss: 0.2529
2023-06-17 22:33:05,538 - mmdet - INFO - Epoch [11][900/1466]	lr: 5.000e-06, eta: 0:22:05, time: 0.653, data_time: 0.013, memory: 25981, loss_cls: 0.0827, loss_bbox: 0.1619, loss: 0.2446
2023-06-17 22:33:38,224 - mmdet - INFO - Epoch [11][950/1466]	lr: 5.000e-06, eta: 0:21:33, time: 0.654, data_time: 0.014, memory: 25981, loss_cls: 0.0813, loss_bbox: 0.1664, loss: 0.2477
2023-06-17 22:34:10,877 - mmdet - INFO - Epoch [11][1000/1466]	lr: 5.000e-06, eta: 0:21:00, time: 0.653, data_time: 0.014, memory: 25981, loss_cls: 0.0779, loss_bbox: 0.1673, loss: 0.2453
2023-06-17 22:34:44,219 - mmdet - INFO - Epoch [11][1050/1466]	lr: 5.000e-06, eta: 0:20:28, time: 0.667, data_time: 0.015, memory: 25981, loss_cls: 0.0710, loss_bbox: 0.1593, loss: 0.2303
2023-06-17 22:35:16,695 - mmdet - INFO - Epoch [11][1100/1466]	lr: 5.000e-06, eta: 0:19:55, time: 0.650, data_time: 0.013, memory: 25981, loss_cls: 0.0734, loss_bbox: 0.1567, loss: 0.2301
2023-06-17 22:35:49,262 - mmdet - INFO - Epoch [11][1150/1466]	lr: 5.000e-06, eta: 0:19:22, time: 0.651, data_time: 0.013, memory: 25981, loss_cls: 0.0800, loss_bbox: 0.1660, loss: 0.2460
2023-06-17 22:36:22,766 - mmdet - INFO - Epoch [11][1200/1466]	lr: 5.000e-06, eta: 0:18:50, time: 0.670, data_time: 0.013, memory: 25981, loss_cls: 0.0825, loss_bbox: 0.1633, loss: 0.2458
2023-06-17 22:36:55,186 - mmdet - INFO - Epoch [11][1250/1466]	lr: 5.000e-06, eta: 0:18:17, time: 0.648, data_time: 0.014, memory: 25981, loss_cls: 0.0800, loss_bbox: 0.1629, loss: 0.2429
2023-06-17 22:37:27,894 - mmdet - INFO - Epoch [11][1300/1466]	lr: 5.000e-06, eta: 0:17:45, time: 0.654, data_time: 0.013, memory: 25981, loss_cls: 0.0799, loss_bbox: 0.1638, loss: 0.2438
2023-06-17 22:38:00,329 - mmdet - INFO - Epoch [11][1350/1466]	lr: 5.000e-06, eta: 0:17:12, time: 0.649, data_time: 0.012, memory: 25981, loss_cls: 0.0695, loss_bbox: 0.1548, loss: 0.2243
2023-06-17 22:38:33,262 - mmdet - INFO - Epoch [11][1400/1466]	lr: 5.000e-06, eta: 0:16:39, time: 0.659, data_time: 0.012, memory: 25981, loss_cls: 0.0641, loss_bbox: 0.1454, loss: 0.2095
2023-06-17 22:39:05,840 - mmdet - INFO - Epoch [11][1450/1466]	lr: 5.000e-06, eta: 0:16:07, time: 0.652, data_time: 0.012, memory: 25981, loss_cls: 0.0813, loss_bbox: 0.1661, loss: 0.2474
2023-06-17 22:39:16,608 - mmdet - INFO - Saving checkpoint at 11 epochs
2023-06-17 23:03:01,561 - mmdet - INFO - 
+-------------------------+-------+--------+--------+-------+
| class                   | gts   | dets   | recall | ap    |
+-------------------------+-------+--------+--------+-------+
| airplane                | 8212  | 19989  | 0.786  | 0.711 |
| airport                 | 666   | 9302   | 0.982  | 0.843 |
| baseballfield           | 3434  | 16996  | 0.865  | 0.777 |
| basketballcourt         | 2146  | 22656  | 0.952  | 0.885 |
| bridge                  | 2589  | 75159  | 0.752  | 0.468 |
| chimney                 | 1031  | 5859   | 0.884  | 0.814 |
| dam                     | 538   | 9277   | 0.954  | 0.740 |
| Expressway-Service-area | 1085  | 9326   | 0.957  | 0.862 |
| Expressway-toll-station | 688   | 22830  | 0.807  | 0.631 |
| golffield               | 575   | 5273   | 0.963  | 0.844 |
| groundtrackfield        | 1885  | 21282  | 0.971  | 0.822 |
| harbor                  | 3105  | 28821  | 0.693  | 0.511 |
| overpass                | 1782  | 46017  | 0.818  | 0.616 |
| ship                    | 35184 | 79051  | 0.747  | 0.693 |
| stadium                 | 672   | 4973   | 0.927  | 0.749 |
| storagetank             | 23361 | 71175  | 0.637  | 0.574 |
| tenniscourt             | 7343  | 32611  | 0.933  | 0.876 |
| trainstation            | 509   | 14410  | 0.967  | 0.650 |
| vehicle                 | 26639 | 320656 | 0.606  | 0.440 |
| windmill                | 2998  | 23788  | 0.963  | 0.866 |
+-------------------------+-------+--------+--------+-------+
| mAP                     |       |        |        | 0.718 |
+-------------------------+-------+--------+--------+-------+
2023-06-17 23:03:01,670 - mmdet - INFO - Exp name: retinanet_pvtv2-b2_fpn_1x_coco.py
2023-06-17 23:03:01,671 - mmdet - INFO - Epoch(val) [11][11738]	mAP: 0.7185, AP50: 0.7180
2023-06-17 23:03:37,439 - mmdet - INFO - Epoch [12][50/1466]	lr: 5.000e-07, eta: 0:15:23, time: 0.715, data_time: 0.066, memory: 25981, loss_cls: 0.0820, loss_bbox: 0.1660, loss: 0.2480
2023-06-17 23:04:10,226 - mmdet - INFO - Epoch [12][100/1466]	lr: 5.000e-07, eta: 0:14:50, time: 0.656, data_time: 0.013, memory: 25981, loss_cls: 0.0786, loss_bbox: 0.1665, loss: 0.2451
2023-06-17 23:04:43,199 - mmdet - INFO - Epoch [12][150/1466]	lr: 5.000e-07, eta: 0:14:18, time: 0.659, data_time: 0.013, memory: 25981, loss_cls: 0.0691, loss_bbox: 0.1526, loss: 0.2217
2023-06-17 23:05:15,846 - mmdet - INFO - Epoch [12][200/1466]	lr: 5.000e-07, eta: 0:13:45, time: 0.653, data_time: 0.013, memory: 25981, loss_cls: 0.0760, loss_bbox: 0.1641, loss: 0.2402
2023-06-17 23:05:49,216 - mmdet - INFO - Epoch [12][250/1466]	lr: 5.000e-07, eta: 0:13:13, time: 0.667, data_time: 0.012, memory: 25981, loss_cls: 0.0842, loss_bbox: 0.1710, loss: 0.2552
2023-06-17 23:06:22,150 - mmdet - INFO - Epoch [12][300/1466]	lr: 5.000e-07, eta: 0:12:40, time: 0.659, data_time: 0.013, memory: 25981, loss_cls: 0.0771, loss_bbox: 0.1585, loss: 0.2356
2023-06-17 23:06:55,423 - mmdet - INFO - Epoch [12][350/1466]	lr: 5.000e-07, eta: 0:12:07, time: 0.665, data_time: 0.013, memory: 25981, loss_cls: 0.0690, loss_bbox: 0.1543, loss: 0.2232
2023-06-17 23:07:28,251 - mmdet - INFO - Epoch [12][400/1466]	lr: 5.000e-07, eta: 0:11:35, time: 0.657, data_time: 0.013, memory: 25981, loss_cls: 0.0680, loss_bbox: 0.1597, loss: 0.2277
2023-06-17 23:08:01,031 - mmdet - INFO - Epoch [12][450/1466]	lr: 5.000e-07, eta: 0:11:02, time: 0.656, data_time: 0.013, memory: 25981, loss_cls: 0.0711, loss_bbox: 0.1559, loss: 0.2270
2023-06-17 23:08:34,166 - mmdet - INFO - Epoch [12][500/1466]	lr: 5.000e-07, eta: 0:10:30, time: 0.663, data_time: 0.013, memory: 25981, loss_cls: 0.0756, loss_bbox: 0.1665, loss: 0.2420
2023-06-17 23:09:06,797 - mmdet - INFO - Epoch [12][550/1466]	lr: 5.000e-07, eta: 0:09:57, time: 0.653, data_time: 0.013, memory: 25981, loss_cls: 0.0737, loss_bbox: 0.1552, loss: 0.2289
2023-06-17 23:09:39,815 - mmdet - INFO - Epoch [12][600/1466]	lr: 5.000e-07, eta: 0:09:24, time: 0.660, data_time: 0.013, memory: 25981, loss_cls: 0.0822, loss_bbox: 0.1726, loss: 0.2549
2023-06-17 23:10:12,969 - mmdet - INFO - Epoch [12][650/1466]	lr: 5.000e-07, eta: 0:08:52, time: 0.663, data_time: 0.014, memory: 25981, loss_cls: 0.0752, loss_bbox: 0.1540, loss: 0.2292
2023-06-17 23:10:45,406 - mmdet - INFO - Epoch [12][700/1466]	lr: 5.000e-07, eta: 0:08:19, time: 0.649, data_time: 0.012, memory: 25981, loss_cls: 0.0728, loss_bbox: 0.1537, loss: 0.2265
2023-06-17 23:11:18,253 - mmdet - INFO - Epoch [12][750/1466]	lr: 5.000e-07, eta: 0:07:47, time: 0.657, data_time: 0.013, memory: 25981, loss_cls: 0.0643, loss_bbox: 0.1506, loss: 0.2149
2023-06-17 23:11:51,850 - mmdet - INFO - Epoch [12][800/1466]	lr: 5.000e-07, eta: 0:07:14, time: 0.672, data_time: 0.015, memory: 25981, loss_cls: 0.0761, loss_bbox: 0.1613, loss: 0.2374
2023-06-17 23:12:24,636 - mmdet - INFO - Epoch [12][850/1466]	lr: 5.000e-07, eta: 0:06:41, time: 0.656, data_time: 0.014, memory: 25981, loss_cls: 0.0657, loss_bbox: 0.1467, loss: 0.2124
2023-06-17 23:12:57,316 - mmdet - INFO - Epoch [12][900/1466]	lr: 5.000e-07, eta: 0:06:09, time: 0.654, data_time: 0.013, memory: 25981, loss_cls: 0.0748, loss_bbox: 0.1585, loss: 0.2333
2023-06-17 23:13:29,989 - mmdet - INFO - Epoch [12][950/1466]	lr: 5.000e-07, eta: 0:05:36, time: 0.653, data_time: 0.013, memory: 25981, loss_cls: 0.0851, loss_bbox: 0.1684, loss: 0.2534
2023-06-17 23:14:02,650 - mmdet - INFO - Epoch [12][1000/1466]	lr: 5.000e-07, eta: 0:05:04, time: 0.653, data_time: 0.013, memory: 25981, loss_cls: 0.0738, loss_bbox: 0.1638, loss: 0.2376
2023-06-17 23:14:35,951 - mmdet - INFO - Epoch [12][1050/1466]	lr: 5.000e-07, eta: 0:04:31, time: 0.666, data_time: 0.013, memory: 25981, loss_cls: 0.0751, loss_bbox: 0.1566, loss: 0.2318
2023-06-17 23:15:08,414 - mmdet - INFO - Epoch [12][1100/1466]	lr: 5.000e-07, eta: 0:03:58, time: 0.649, data_time: 0.013, memory: 25981, loss_cls: 0.0762, loss_bbox: 0.1674, loss: 0.2436
2023-06-17 23:15:41,056 - mmdet - INFO - Epoch [12][1150/1466]	lr: 5.000e-07, eta: 0:03:26, time: 0.653, data_time: 0.013, memory: 25981, loss_cls: 0.0694, loss_bbox: 0.1516, loss: 0.2210
2023-06-17 23:16:14,663 - mmdet - INFO - Epoch [12][1200/1466]	lr: 5.000e-07, eta: 0:02:53, time: 0.672, data_time: 0.014, memory: 25981, loss_cls: 0.0731, loss_bbox: 0.1588, loss: 0.2319
2023-06-17 23:16:47,231 - mmdet - INFO - Epoch [12][1250/1466]	lr: 5.000e-07, eta: 0:02:20, time: 0.651, data_time: 0.014, memory: 25981, loss_cls: 0.0676, loss_bbox: 0.1505, loss: 0.2180
2023-06-17 23:17:20,095 - mmdet - INFO - Epoch [12][1300/1466]	lr: 5.000e-07, eta: 0:01:48, time: 0.657, data_time: 0.013, memory: 25981, loss_cls: 0.0702, loss_bbox: 0.1543, loss: 0.2244
2023-06-17 23:17:52,532 - mmdet - INFO - Epoch [12][1350/1466]	lr: 5.000e-07, eta: 0:01:15, time: 0.649, data_time: 0.013, memory: 25981, loss_cls: 0.0723, loss_bbox: 0.1604, loss: 0.2326
2023-06-17 23:18:25,749 - mmdet - INFO - Epoch [12][1400/1466]	lr: 5.000e-07, eta: 0:00:43, time: 0.664, data_time: 0.015, memory: 25981, loss_cls: 0.0664, loss_bbox: 0.1497, loss: 0.2161
2023-06-17 23:18:58,611 - mmdet - INFO - Epoch [12][1450/1466]	lr: 5.000e-07, eta: 0:00:10, time: 0.657, data_time: 0.014, memory: 25981, loss_cls: 0.0802, loss_bbox: 0.1709, loss: 0.2510
2023-06-17 23:19:09,412 - mmdet - INFO - Saving checkpoint at 12 epochs
2023-06-17 23:42:53,345 - mmdet - INFO - 
+-------------------------+-------+--------+--------+-------+
| class                   | gts   | dets   | recall | ap    |
+-------------------------+-------+--------+--------+-------+
| airplane                | 8212  | 21790  | 0.793  | 0.711 |
| airport                 | 666   | 9986   | 0.980  | 0.841 |
| baseballfield           | 3434  | 18550  | 0.867  | 0.776 |
| basketballcourt         | 2146  | 18145  | 0.948  | 0.883 |
| bridge                  | 2589  | 86652  | 0.758  | 0.469 |
| chimney                 | 1031  | 6201   | 0.888  | 0.814 |
| dam                     | 538   | 10430  | 0.957  | 0.744 |
| Expressway-Service-area | 1085  | 9485   | 0.956  | 0.864 |
| Expressway-toll-station | 688   | 19646  | 0.807  | 0.635 |
| golffield               | 575   | 6191   | 0.963  | 0.846 |
| groundtrackfield        | 1885  | 20726  | 0.970  | 0.824 |
| harbor                  | 3105  | 29746  | 0.704  | 0.529 |
| overpass                | 1782  | 40964  | 0.815  | 0.617 |
| ship                    | 35184 | 78128  | 0.746  | 0.694 |
| stadium                 | 672   | 5070   | 0.926  | 0.747 |
| storagetank             | 23361 | 70699  | 0.633  | 0.572 |
| tenniscourt             | 7343  | 24520  | 0.926  | 0.877 |
| trainstation            | 509   | 12847  | 0.961  | 0.658 |
| vehicle                 | 26639 | 328622 | 0.612  | 0.446 |
| windmill                | 2998  | 23630  | 0.963  | 0.865 |
+-------------------------+-------+--------+--------+-------+
| mAP                     |       |        |        | 0.721 |
+-------------------------+-------+--------+--------+-------+
2023-06-17 23:42:53,474 - mmdet - INFO - Exp name: retinanet_pvtv2-b2_fpn_1x_coco.py
2023-06-17 23:42:53,475 - mmdet - INFO - Epoch(val) [12][11738]	mAP: 0.7206, AP50: 0.7210
